[2023-06-09 14:11:08] 배치 Thread 실행
[2023-06-09 14:11:08] Collector Demon이 시작되었습니다...
[2023-06-09 14:11:08] [ collect_query ] select login_id, name, login_pawd, dprtid, user_disp, e_mail, now(), '1001', status FROM vw_if_user
[2023-06-09 14:11:08] Data Parsing Start
[2023-06-09 14:11:08] Data Insert Stop - Total Count : 11
[2023-06-09 14:11:08] [ collect_query ] SELECT dprtid, pid, name, 'level', sort , '1', now(), '1001' FROM vw_if_dprt WHERE dprtid <> '1000'
[2023-06-09 14:11:08] Data Parsing Start
[2023-06-09 14:11:08] Data Insert Stop - Total Count : 5
[2023-06-09 14:11:08] [ collect_query ] select login_id as user_ip, 'mac', login_id, e_mail, frst_inst, now() FROM vw_if_user
[2023-06-09 14:11:08] Data Parsing Start
[2023-06-09 14:11:08] Data Insert Stop - Total Count : 11
[2023-06-09 14:11:12] [ condition query ] detected_date > $$condition_value$$ [ condition value ] '2023-06-07 11:38:31.052000000'
[2023-06-09 14:11:12] [ collect_query ] SELECT id, agent_agent_key, agent_name, conn_ip, department_full_patch, detected_date, detected_method, hash, local_detected_date, malware_id, name, `path`, treat_type FROM view_malware_log WHERE detected_date > '2023-06-07 11:38:31.052000000' ORDER BY detected_date
[2023-06-09 14:11:12] Data Parsing Start
[2023-06-09 14:11:12] Data Insert Stop - Total Count : 4
[2023-06-09 14:11:12] [ condition query ] blocked_date > $$condition_value$$ [ condition value ] '2023-06-07 08:57:58.005000000'
[2023-06-09 14:11:12] [ collect_query ] SELECT id, agent_agent_key, agent_name, blocked_date, blocked_program_path, conn_ip, department_full_path, now(), target_file_path FROM view_ransomware_block_log WHERE blocked_date > '2023-06-07 08:57:58.005000000' ORDER BY blocked_date
[2023-06-09 14:11:12] Data Parsing Start
[2023-06-09 14:11:12] Data Insert Stop - Total Count : 7
[2023-06-09 14:11:15] [ condition query ] updateDate = (select max(updateDate) from vwlghuserresult_4) [ condition value ] '2023-06-07'
[2023-06-09 14:11:15] [ collect_query ] SELECT UserId, UserName, deptName, computerName, ip, indexScore, updateDate, Item1, Item2, Item3, Item4, Item5, Item6, Item7, Item8, Item9, Item10, Item11, Item12, Item13, Item14, Item15 FROM vwlghuserresult_4 WHERE updateDate = (select max(updateDate) from vwlghuserresult_4) ORDER BY updateDate
[2023-06-09 14:11:15] Data Parsing Start
[2023-06-09 14:11:15] Data Insert Stop - Total Count : 7
[2023-06-09 14:11:18] [ condition query ] DETECTDATE > $$condition_value$$ [ condition value ] '2023-06-07 11:02:26'
[2023-06-09 14:11:18] [ collect_query ] SELECT MEDIALOGID, REGDATE, DETECTDATE, ASSETID, ASSETCODE, WANIP, LANIP, ORGID, ORGNAME, EMPID, EMPNAME, ISINSIDECOMPANY, PCLOGINID, MEDIATYPE, LOGRESULT, FILENAME, FILESIZE, SORTTYPE, FULLORGNAME, NETBIOSNAME, ISIMAGEEXISTS FROM vw_media WHERE DETECTDATE > '2023-06-07 11:02:26' ORDER BY DETECTDATE
[2023-06-09 14:11:18] Data Parsing Start
[2023-06-09 14:11:18] Data Insert Stop - Total Count : 4
[2023-06-09 14:11:18] [ condition query ] FILECOPYDATE > $$condition_value$$ [ condition value ] '2023-06-07 11:02:26'
[2023-06-09 14:11:18] [ collect_query ] SELECT SNO, USEREMPID, ORGNAME, EMPNAME, FILENAME, FILESIZE, FILECOPYDATE, FILEPATH, NETBIOSNAME, LOCATION, ISBLOCK FROM vw_usbrwlog WHERE FILECOPYDATE > '2023-06-07 11:02:26' ORDER BY FILECOPYDATE
[2023-06-09 14:11:18] Data Parsing Start
[2023-06-09 14:11:18] Data Insert Stop - Total Count : 5
[2023-06-09 14:11:21] Log data collect end.
