[2021-12-20 14:06:37] 배치 Thread 실행
[2021-12-20 14:06:37] Collector Demon이 시작되었습니다...
[2021-12-20 14:06:42] com.mysql.cj.jdbc.exceptions.SQLError.createSQLException(SQLError.java:110)
com.mysql.cj.jdbc.exceptions.SQLError.createSQLException(SQLError.java:97)
com.mysql.cj.jdbc.exceptions.SQLExceptionsMapping.translateException(SQLExceptionsMapping.java:122)
com.mysql.cj.jdbc.ConnectionImpl.createNewIO(ConnectionImpl.java:827)
com.mysql.cj.jdbc.ConnectionImpl.<init>(ConnectionImpl.java:447)
com.mysql.cj.jdbc.ConnectionImpl.getInstance(ConnectionImpl.java:237)
com.mysql.cj.jdbc.NonRegisteringDriver.connect(NonRegisteringDriver.java:199)
java.sql.DriverManager.getConnection(Unknown Source)
java.sql.DriverManager.getConnection(Unknown Source)
mdr.server.collector.db.ConnectionPool.initialize(ConnectionPool.java:46)
mdr.server.collector.db.ConnectionPool.<init>(ConnectionPool.java:25)
mdr.server.collector.db.ConnectionPool.getInstance(ConnectionPool.java:34)
mdr.server.collecotr.main.CollectorInsa.CollectorInsa(CollectorInsa.java:40)
mdr.server.collecotr.main.CollectorMultiDemon.run(CollectorMultiDemon.java:63)
java.lang.Thread.run(Unknown Source)

[2021-12-20 14:07:06] com.ibm.db2.jcc.am.b7.a(b7.java:338)
com.ibm.db2.jcc.am.b7.a(b7.java:435)
com.ibm.db2.jcc.t4.a0.a(a0.java:450)
com.ibm.db2.jcc.t4.a0.<init>(a0.java:96)
com.ibm.db2.jcc.t4.a.b(a.java:366)
com.ibm.db2.jcc.t4.b.newAgent_(b.java:2164)
com.ibm.db2.jcc.am.Connection.initConnection(Connection.java:839)
com.ibm.db2.jcc.am.Connection.<init>(Connection.java:784)
com.ibm.db2.jcc.t4.b.<init>(b.java:350)
com.ibm.db2.jcc.DB2SimpleDataSource.getConnection(DB2SimpleDataSource.java:233)
com.ibm.db2.jcc.DB2SimpleDataSource.getConnection(DB2SimpleDataSource.java:200)
com.ibm.db2.jcc.DB2Driver.connect(DB2Driver.java:471)
com.ibm.db2.jcc.DB2Driver.connect(DB2Driver.java:113)
java.sql.DriverManager.getConnection(Unknown Source)
java.sql.DriverManager.getConnection(Unknown Source)
mdr.server.collector.db.ConnectionPool.initialize(ConnectionPool.java:46)
mdr.server.collector.db.ConnectionPool.<init>(ConnectionPool.java:25)
mdr.server.collector.db.ConnectionPool.getInstance(ConnectionPool.java:34)
mdr.server.collecotr.main.CollectorProc.CollectorProc(CollectorProc.java:45)
mdr.server.collecotr.main.CollectorMultiDemon.run(CollectorMultiDemon.java:81)
java.lang.Thread.run(Unknown Source)

[2021-12-20 14:07:30] com.ibm.db2.jcc.am.b7.a(b7.java:338)
com.ibm.db2.jcc.am.b7.a(b7.java:435)
com.ibm.db2.jcc.t4.a0.a(a0.java:450)
com.ibm.db2.jcc.t4.a0.<init>(a0.java:96)
com.ibm.db2.jcc.t4.a.b(a.java:366)
com.ibm.db2.jcc.t4.b.newAgent_(b.java:2164)
com.ibm.db2.jcc.am.Connection.initConnection(Connection.java:839)
com.ibm.db2.jcc.am.Connection.<init>(Connection.java:784)
com.ibm.db2.jcc.t4.b.<init>(b.java:350)
com.ibm.db2.jcc.DB2SimpleDataSource.getConnection(DB2SimpleDataSource.java:233)
com.ibm.db2.jcc.DB2SimpleDataSource.getConnection(DB2SimpleDataSource.java:200)
com.ibm.db2.jcc.DB2Driver.connect(DB2Driver.java:471)
com.ibm.db2.jcc.DB2Driver.connect(DB2Driver.java:113)
java.sql.DriverManager.getConnection(Unknown Source)
java.sql.DriverManager.getConnection(Unknown Source)
mdr.server.collector.db.ConnectionPool.initialize(ConnectionPool.java:46)
mdr.server.collector.db.ConnectionPool.<init>(ConnectionPool.java:25)
mdr.server.collector.db.ConnectionPool.getInstance(ConnectionPool.java:34)
mdr.server.collecotr.main.CollectorProc.CollectorProc(CollectorProc.java:45)
mdr.server.collecotr.main.CollectorMultiDemon.run(CollectorMultiDemon.java:81)
java.lang.Thread.run(Unknown Source)

[2021-12-20 14:07:33] Log data collect end.
[2021-12-20 14:36:17] 배치 Thread 실행
[2021-12-20 14:36:17] Collector Demon이 시작되었습니다...
[2021-12-20 14:36:18] [ collect_query ] select LOGIN_ID, NAME, LOGIN_PW, ORG_ID, ORG_NAME, EMAIL, now(), '1001', '1' FROM v_tgate_user
[2021-12-20 14:36:18] Data Parsing Start
[2021-12-20 14:36:18] Data Insert Stop - Total Count : 2
[2021-12-20 14:36:18] [ collect_query ] SELECT ORG_ID, ORG_PID, ORG_NAME, ORG_FULLNM, DISP_ORDR, '1', now(), '1001' FROM v_tgate_dept WHERE ORG_ID <> '0'
[2021-12-20 14:36:18] Data Parsing Start
[2021-12-20 14:36:18] Data Insert Stop - Total Count : 4
[2021-12-20 14:36:18] [ collect_query ] SELECT IP_ADDRESS, MAC_ADDRESS, LOGIN_ID, (select EMAIL FROM v_tgate_user as t_user where t_user.login_id = t_device.login_id) as EMAIL, cast(LAST_LOGIN_DT as datetime), now() FROM v_tgate_device as t_device
[2021-12-20 14:36:18] Data Parsing Start
[2021-12-20 14:36:18] Data Insert Stop - Total Count : 2
[2021-12-20 14:36:42] com.ibm.db2.jcc.am.b7.a(b7.java:338)
com.ibm.db2.jcc.am.b7.a(b7.java:435)
com.ibm.db2.jcc.t4.a0.a(a0.java:450)
com.ibm.db2.jcc.t4.a0.<init>(a0.java:96)
com.ibm.db2.jcc.t4.a.b(a.java:366)
com.ibm.db2.jcc.t4.b.newAgent_(b.java:2164)
com.ibm.db2.jcc.am.Connection.initConnection(Connection.java:839)
com.ibm.db2.jcc.am.Connection.<init>(Connection.java:784)
com.ibm.db2.jcc.t4.b.<init>(b.java:350)
com.ibm.db2.jcc.DB2SimpleDataSource.getConnection(DB2SimpleDataSource.java:233)
com.ibm.db2.jcc.DB2SimpleDataSource.getConnection(DB2SimpleDataSource.java:200)
com.ibm.db2.jcc.DB2Driver.connect(DB2Driver.java:471)
com.ibm.db2.jcc.DB2Driver.connect(DB2Driver.java:113)
java.sql.DriverManager.getConnection(Unknown Source)
java.sql.DriverManager.getConnection(Unknown Source)
mdr.server.collector.db.ConnectionPool.initialize(ConnectionPool.java:46)
mdr.server.collector.db.ConnectionPool.<init>(ConnectionPool.java:25)
mdr.server.collector.db.ConnectionPool.getInstance(ConnectionPool.java:34)
mdr.server.collecotr.main.CollectorProc.CollectorProc(CollectorProc.java:45)
mdr.server.collecotr.main.CollectorMultiDemon.run(CollectorMultiDemon.java:81)
java.lang.Thread.run(Unknown Source)

[2021-12-20 14:37:06] com.ibm.db2.jcc.am.b7.a(b7.java:338)
com.ibm.db2.jcc.am.b7.a(b7.java:435)
com.ibm.db2.jcc.t4.a0.a(a0.java:450)
com.ibm.db2.jcc.t4.a0.<init>(a0.java:96)
com.ibm.db2.jcc.t4.a.b(a.java:366)
com.ibm.db2.jcc.t4.b.newAgent_(b.java:2164)
com.ibm.db2.jcc.am.Connection.initConnection(Connection.java:839)
com.ibm.db2.jcc.am.Connection.<init>(Connection.java:784)
com.ibm.db2.jcc.t4.b.<init>(b.java:350)
com.ibm.db2.jcc.DB2SimpleDataSource.getConnection(DB2SimpleDataSource.java:233)
com.ibm.db2.jcc.DB2SimpleDataSource.getConnection(DB2SimpleDataSource.java:200)
com.ibm.db2.jcc.DB2Driver.connect(DB2Driver.java:471)
com.ibm.db2.jcc.DB2Driver.connect(DB2Driver.java:113)
java.sql.DriverManager.getConnection(Unknown Source)
java.sql.DriverManager.getConnection(Unknown Source)
mdr.server.collector.db.ConnectionPool.initialize(ConnectionPool.java:46)
mdr.server.collector.db.ConnectionPool.<init>(ConnectionPool.java:25)
mdr.server.collector.db.ConnectionPool.getInstance(ConnectionPool.java:34)
mdr.server.collecotr.main.CollectorProc.CollectorProc(CollectorProc.java:45)
mdr.server.collecotr.main.CollectorMultiDemon.run(CollectorMultiDemon.java:81)
java.lang.Thread.run(Unknown Source)

[2021-12-20 14:37:09] Log data collect end.
[2021-12-20 14:39:41] 배치 Thread 실행
[2021-12-20 14:39:41] Collector Demon이 시작되었습니다...
[2021-12-20 14:39:42] [ collect_query ] select LOGIN_ID, NAME, LOGIN_PW, ORG_ID, ORG_NAME, EMAIL, now(), '1001', '1' FROM v_tgate_user
[2021-12-20 14:39:42] Data Parsing Start
[2021-12-20 14:39:42] Data Insert Stop - Total Count : 2
[2021-12-20 14:39:42] [ collect_query ] SELECT ORG_ID, ORG_PID, ORG_NAME, ORG_FULLNM, DISP_ORDR, '1', now(), '1001' FROM v_tgate_dept WHERE ORG_ID <> '0'
[2021-12-20 14:39:42] Data Parsing Start
[2021-12-20 14:39:42] Data Insert Stop - Total Count : 4
[2021-12-20 14:39:42] [ collect_query ] SELECT IP_ADDRESS, MAC_ADDRESS, LOGIN_ID, (select EMAIL FROM v_tgate_user as t_user where t_user.login_id = t_device.login_id) as EMAIL, cast(LAST_LOGIN_DT as datetime), now() FROM v_tgate_device as t_device
[2021-12-20 14:39:42] Data Parsing Start
[2021-12-20 14:39:42] Data Insert Stop - Total Count : 2
[2021-12-20 14:39:46] [ condition query ] LASTUPDATETIME > $$condition_value$$ [ condition value ] '2021-11-09 14:01:15.0'
[2021-12-20 14:39:46] [ collect_query ] select ipaddr,macaddr,yearmonth,week,lastupdatetime,synctime,grade,totalcnt,safecnt,vulncnt,failcnt,reserved01,reserved02,reserved03,reserved04,reserved05,reserved06,reserved07,reserved08,reserved09,reserved10,i000001,i000002,i000003,i000004,i000005,i000006,i000007,i000008,i000009,i000010,i000011,i000012,i000013,i000014,i000015,i000016,i000017,i000018,i000019,i000020,i000021,i000022,i000023,i000024,i000025,i000026,i000027,i000028,i000029,i000030,i000031,i000032,i000033,i000034,i000035,i000036,i000037,i000038,i000039,i000040,i000041,i000042,i000043,i000044,i000045,i000046,i000047,i000048,i000049,i000050,i000051 from nemo.avwmypccustom WHERE LASTUPDATETIME > '2021-11-09 14:01:15.0' ORDER BY LASTUPDATETIME
[2021-12-20 14:39:46] Data Parsing Start
[2021-12-20 14:40:59] 배치 Thread 실행
[2021-12-20 14:40:59] Collector Demon이 시작되었습니다...
[2021-12-20 14:41:00] [ collect_query ] select LOGIN_ID, NAME, LOGIN_PW, ORG_ID, ORG_NAME, EMAIL, now(), '1001', '1' FROM v_tgate_user
[2021-12-20 14:41:00] Data Parsing Start
[2021-12-20 14:41:00] Data Insert Stop - Total Count : 2
[2021-12-20 14:41:00] [ collect_query ] SELECT ORG_ID, ORG_PID, ORG_NAME, ORG_FULLNM, DISP_ORDR, '1', now(), '1001' FROM v_tgate_dept WHERE ORG_ID <> '0'
[2021-12-20 14:41:00] Data Parsing Start
[2021-12-20 14:41:00] Data Insert Stop - Total Count : 4
[2021-12-20 14:41:00] [ collect_query ] SELECT IP_ADDRESS, MAC_ADDRESS, LOGIN_ID, (select EMAIL FROM v_tgate_user as t_user where t_user.login_id = t_device.login_id) as EMAIL, cast(LAST_LOGIN_DT as datetime), now() FROM v_tgate_device as t_device
[2021-12-20 14:41:00] Data Parsing Start
[2021-12-20 14:41:00] Data Insert Stop - Total Count : 2
[2021-12-20 14:41:03] [ condition query ] LASTUPDATETIME > $$condition_value$$ [ condition value ] '2021-11-09 14:01:15.0'
[2021-12-20 14:41:03] [ collect_query ] select ipaddr,macaddr,yearmonth,week,lastupdatetime,synctime,grade,totalcnt,safecnt,vulncnt,failcnt,reserved01,reserved02,reserved03,reserved04,reserved05,reserved06,reserved07,reserved08,reserved09,reserved10,i000001,i000002,i000003,i000004,i000005,i000006,i000007,i000008,i000009,i000010,i000011,i000012,i000013,i000014,i000015,i000016,i000017,i000018,i000019,i000020,i000021,i000022,i000023,i000024,i000025,i000026,i000027,i000028,i000029,i000030,i000031,i000032,i000033,i000034,i000035,i000036,i000037,i000038,i000039,i000040,i000041,i000042,i000043,i000044,i000045,i000046,i000047,i000048,i000049,i000050,i000051 from nemo.avwmypccustom WHERE LASTUPDATETIME > '2021-11-09 14:01:15.0' ORDER BY LASTUPDATETIME
[2021-12-20 14:41:03] Data Parsing Start
[2021-12-20 14:42:01] 배치 Thread 실행
[2021-12-20 14:42:01] Collector Demon이 시작되었습니다...
[2021-12-20 14:42:02] [ collect_query ] select LOGIN_ID, NAME, LOGIN_PW, ORG_ID, ORG_NAME, EMAIL, now(), '1001', '1' FROM v_tgate_user
[2021-12-20 14:42:02] Data Parsing Start
[2021-12-20 14:42:02] Data Insert Stop - Total Count : 2
[2021-12-20 14:42:02] [ collect_query ] SELECT ORG_ID, ORG_PID, ORG_NAME, ORG_FULLNM, DISP_ORDR, '1', now(), '1001' FROM v_tgate_dept WHERE ORG_ID <> '0'
[2021-12-20 14:42:02] Data Parsing Start
[2021-12-20 14:42:02] Data Insert Stop - Total Count : 4
[2021-12-20 14:42:02] [ collect_query ] SELECT IP_ADDRESS, MAC_ADDRESS, LOGIN_ID, (select EMAIL FROM v_tgate_user as t_user where t_user.login_id = t_device.login_id) as EMAIL, cast(LAST_LOGIN_DT as datetime), now() FROM v_tgate_device as t_device
[2021-12-20 14:42:02] Data Parsing Start
[2021-12-20 14:42:02] Data Insert Stop - Total Count : 2
[2021-12-20 14:42:05] [ condition query ] LASTUPDATETIME > $$condition_value$$ [ condition value ] '2021-11-09 14:01:15.0'
[2021-12-20 14:42:05] [ collect_query ] select ipaddr,macaddr,yearmonth,week,lastupdatetime,synctime,grade,totalcnt,safecnt,vulncnt,failcnt,reserved01,reserved02,reserved03,reserved04,reserved05,reserved06,reserved07,reserved08,reserved09,reserved10,i000001,i000002,i000003,i000004,i000005,i000006,i000007,i000008,i000009,i000010,i000011,i000012,i000013,i000014,i000015,i000016,i000017,i000018,i000019,i000020,i000021,i000022,i000023,i000024,i000025,i000026,i000027,i000028,i000029,i000030,i000031,i000032,i000033,i000034,i000035,i000036,i000037,i000038,i000039,i000040,i000041,i000042,i000043,i000044,i000045,i000046,i000047,i000048,i000049,i000050,i000051 from nemo.avwmypccustom WHERE LASTUPDATETIME > '2021-11-09 14:01:15.0' ORDER BY LASTUPDATETIME
[2021-12-20 14:42:05] Data Parsing Start
[2021-12-20 14:42:13] CopyData Error : 오류: timestamp 자료형 대한 잘못된 입력: "580"
  Where: apcg_avwmypccustom 복사, 1번째 줄, sldm_org_logdate 열: "580"
[2021-12-20 14:42:13] Data Insert Stop - Total Count : 2
[2021-12-20 14:42:16] [ condition query ] clienttime > $$condition_value$$ [ condition value ] '2021-11-09 18:04:26.0'
[2021-12-20 14:42:16] [ collect_query ] select logid,nodeserial,nodeguid,name,path,status,scantype,owner,access,infector,clienttime,clientipaddr,clientcomputername,clientloginid,clientusername,clientdepartment,servertime,synctime from nemo.avwv3virusalertlog WHERE clienttime > '2021-11-09 18:04:26.0' ORDER BY CLIENTTIME
[2021-12-20 14:42:16] Data Parsing Start
[2021-12-20 14:42:42] Data Insert Stop - Total Count : 2
[2021-12-20 14:42:45] Log data collect end.
[2021-12-20 14:47:20] 배치 Thread 실행
[2021-12-20 14:47:20] Collector Demon이 시작되었습니다...
[2021-12-20 14:47:21] [ collect_query ] select LOGIN_ID, NAME, LOGIN_PW, ORG_ID, ORG_NAME, EMAIL, now(), '1001', '1' FROM v_tgate_user
[2021-12-20 14:47:21] Data Parsing Start
[2021-12-20 14:47:21] Data Insert Stop - Total Count : 2
[2021-12-20 14:47:21] [ collect_query ] SELECT ORG_ID, ORG_PID, ORG_NAME, ORG_FULLNM, DISP_ORDR, '1', now(), '1001' FROM v_tgate_dept WHERE ORG_ID <> '0'
[2021-12-20 14:47:21] Data Parsing Start
[2021-12-20 14:47:21] Data Insert Stop - Total Count : 4
[2021-12-20 14:47:21] [ collect_query ] SELECT IP_ADDRESS, MAC_ADDRESS, LOGIN_ID, (select EMAIL FROM v_tgate_user as t_user where t_user.login_id = t_device.login_id) as EMAIL, cast(LAST_LOGIN_DT as datetime), now() FROM v_tgate_device as t_device
[2021-12-20 14:47:21] Data Parsing Start
[2021-12-20 14:47:21] Data Insert Stop - Total Count : 2
[2021-12-20 14:47:25] [ condition query ] LASTUPDATETIME > $$condition_value$$ [ condition value ] '2021-11-09 14:01:15.0'
[2021-12-20 14:47:25] [ collect_query ] select ipaddr,macaddr,yearmonth,week,lastupdatetime,synctime,grade,totalcnt,safecnt,vulncnt,failcnt,reserved01,reserved02,reserved03,reserved04,reserved05,reserved06,reserved07,reserved08,reserved09,reserved10,i000001,i000002,i000003,i000004,i000005,i000006,i000007,i000008,i000009,i000010,i000011,i000012,i000013,i000014,i000015,i000016,i000017,i000018,i000019,i000020,i000021,i000022,i000023,i000024,i000025,i000026,i000027,i000028,i000029,i000030,i000031,i000032,i000033,i000034,i000035,i000036,i000037,i000038,i000039,i000040,i000041,i000042,i000043,i000044,i000045,i000046,i000047,i000048,i000049,i000050,i000051 from nemo.avwmypccustom WHERE LASTUPDATETIME > '2021-11-09 14:01:15.0' ORDER BY LASTUPDATETIME
[2021-12-20 14:47:25] Data Parsing Start
[2021-12-20 14:48:33] Data Insert Stop - Total Count : 2
[2021-12-20 14:48:36] [ condition query ] clienttime > $$condition_value$$ [ condition value ] '2021-12-19 18:04:26.0'
[2021-12-20 14:48:36] [ collect_query ] select logid,nodeserial,nodeguid,name,path,status,scantype,owner,access,infector,clienttime,clientipaddr,clientcomputername,clientloginid,clientusername,clientdepartment,servertime,synctime from nemo.avwv3virusalertlog WHERE clienttime > '2021-12-19 18:04:26.0' ORDER BY CLIENTTIME
[2021-12-20 14:48:36] [ v3_avwv3virusalertlog ] Log 수집 데이터 없음..... 파일생성 및 전송 미처리...
[2021-12-20 14:48:39] Log data collect end.
[2021-12-20 14:50:40] 배치 Thread 실행
[2021-12-20 14:50:40] Collector Demon이 시작되었습니다...
[2021-12-20 14:50:41] [ collect_query ] select LOGIN_ID, NAME, LOGIN_PW, ORG_ID, ORG_NAME, EMAIL, now(), '1001', '1' FROM v_tgate_user
[2021-12-20 14:50:41] Data Parsing Start
[2021-12-20 14:50:41] Data Insert Stop - Total Count : 2
[2021-12-20 14:50:41] [ collect_query ] SELECT ORG_ID, ORG_PID, ORG_NAME, ORG_FULLNM, DISP_ORDR, '1', now(), '1001' FROM v_tgate_dept WHERE ORG_ID <> '0'
[2021-12-20 14:50:41] Data Parsing Start
[2021-12-20 14:50:41] Data Insert Stop - Total Count : 4
[2021-12-20 14:50:41] [ collect_query ] SELECT IP_ADDRESS, MAC_ADDRESS, LOGIN_ID, (select EMAIL FROM v_tgate_user as t_user where t_user.login_id = t_device.login_id) as EMAIL, cast(LAST_LOGIN_DT as datetime), now() FROM v_tgate_device as t_device
[2021-12-20 14:50:41] Data Parsing Start
[2021-12-20 14:50:41] Data Insert Stop - Total Count : 2
[2021-12-20 14:50:44] [ condition query ] LASTUPDATETIME > $$condition_value$$ [ condition value ] '2021-12-18 14:01:15.0'
[2021-12-20 14:50:44] [ collect_query ] select ipaddr,macaddr,yearmonth,week,lastupdatetime,synctime,grade,totalcnt,safecnt,vulncnt,failcnt,reserved01,reserved02,reserved03,reserved04,reserved05,reserved06,reserved07,reserved08,reserved09,reserved10,i000001,i000002,i000003,i000004,i000005,i000006,i000007,i000008,i000009,i000010,i000011,i000012,i000013,i000014,i000015,i000016,i000017,i000018,i000019,i000020,i000021,i000022,i000023,i000024,i000025,i000026,i000027,i000028,i000029,i000030,i000031,i000032,i000033,i000034,i000035,i000036,i000037,i000038,i000039,i000040,i000041,i000042,i000043,i000044,i000045,i000046,i000047,i000048,i000049,i000050,i000051 from nemo.avwmypccustom WHERE LASTUPDATETIME > '2021-12-18 14:01:15.0' ORDER BY LASTUPDATETIME
[2021-12-20 14:50:44] Data Parsing Start
[2021-12-20 14:50:52] Data Insert Stop - Total Count : 2
[2021-12-20 14:50:55] [ condition query ] clienttime > $$condition_value$$ [ condition value ] '2021-12-18 18:04:26.0'
[2021-12-20 14:50:55] [ collect_query ] select logid,nodeserial,nodeguid,name,path,status,scantype,owner,access,infector,clienttime,clientipaddr,clientcomputername,clientloginid,clientusername,clientdepartment,servertime,synctime from nemo.avwv3virusalertlog WHERE clienttime > '2021-12-18 18:04:26.0' ORDER BY CLIENTTIME
[2021-12-20 14:50:55] Data Parsing Start
[2021-12-20 14:50:57] Data Insert Stop - Total Count : 2
[2021-12-20 14:51:00] Log data collect end.
[2021-12-20 14:51:54] 배치 Thread 실행
[2021-12-20 14:51:54] Collector Demon이 시작되었습니다...
[2021-12-20 14:51:55] [ collect_query ] select LOGIN_ID, NAME, LOGIN_PW, ORG_ID, ORG_NAME, EMAIL, now(), '1001', '1' FROM v_tgate_user
[2021-12-20 14:51:55] Data Parsing Start
[2021-12-20 14:51:55] Data Insert Stop - Total Count : 2
[2021-12-20 14:51:55] [ collect_query ] SELECT ORG_ID, ORG_PID, ORG_NAME, ORG_FULLNM, DISP_ORDR, '1', now(), '1001' FROM v_tgate_dept WHERE ORG_ID <> '0'
[2021-12-20 14:51:55] Data Parsing Start
[2021-12-20 14:51:55] Data Insert Stop - Total Count : 4
[2021-12-20 14:51:55] [ collect_query ] SELECT IP_ADDRESS, MAC_ADDRESS, LOGIN_ID, (select EMAIL FROM v_tgate_user as t_user where t_user.login_id = t_device.login_id) as EMAIL, cast(LAST_LOGIN_DT as datetime), now() FROM v_tgate_device as t_device
[2021-12-20 14:51:55] Data Parsing Start
[2021-12-20 14:51:55] Data Insert Stop - Total Count : 2
[2021-12-20 14:51:58] [ condition query ] LASTUPDATETIME > $$condition_value$$ [ condition value ] '2021-12-19'
[2021-12-20 14:51:58] [ collect_query ] select ipaddr,macaddr,yearmonth,week,lastupdatetime,synctime,grade,totalcnt,safecnt,vulncnt,failcnt,reserved01,reserved02,reserved03,reserved04,reserved05,reserved06,reserved07,reserved08,reserved09,reserved10,i000001,i000002,i000003,i000004,i000005,i000006,i000007,i000008,i000009,i000010,i000011,i000012,i000013,i000014,i000015,i000016,i000017,i000018,i000019,i000020,i000021,i000022,i000023,i000024,i000025,i000026,i000027,i000028,i000029,i000030,i000031,i000032,i000033,i000034,i000035,i000036,i000037,i000038,i000039,i000040,i000041,i000042,i000043,i000044,i000045,i000046,i000047,i000048,i000049,i000050,i000051 from nemo.avwmypccustom WHERE LASTUPDATETIME > '2021-12-19' ORDER BY LASTUPDATETIME
[2021-12-20 14:51:58] Data Parsing Start
[2021-12-20 14:52:00] Data Insert Stop - Total Count : 2
[2021-12-20 14:52:04] [ condition query ] clienttime > $$condition_value$$ [ condition value ] '2021-12-19'
[2021-12-20 14:52:04] [ collect_query ] select logid,nodeserial,nodeguid,name,path,status,scantype,owner,access,infector,clienttime,clientipaddr,clientcomputername,clientloginid,clientusername,clientdepartment,servertime,synctime from nemo.avwv3virusalertlog WHERE clienttime > '2021-12-19' ORDER BY CLIENTTIME
[2021-12-20 14:52:04] Data Parsing Start
[2021-12-20 14:52:05] Data Insert Stop - Total Count : 2
[2021-12-20 14:52:08] Log data collect end.
