[2022-12-22 10:22:41] 배치 Thread 실행
[2022-12-22 10:22:41] Collector Demon이 시작되었습니다...
[2022-12-22 10:22:42] [ collect_query ] select login_id, name, login_pawd, dprtid, user_disp, e_mail, now(), '1001', status FROM vw_if_user
[2022-12-22 10:22:42] Data Parsing Start
[2022-12-22 10:22:42] Data Insert Stop - Total Count : 3
[2022-12-22 10:22:42] [ collect_query ] SELECT dprtid, pid, name, 'level', sort , '1', now(), '1001' FROM vw_if_dprt
[2022-12-22 10:22:42] Data Parsing Start
[2022-12-22 10:22:42] Data Insert Stop - Total Count : 6
[2022-12-22 10:22:42] [ collect_query ] select login_id as user_ip, 'mac', login_id, e_mail, frst_inst, now() FROM vw_if_user
[2022-12-22 10:22:42] Data Parsing Start
[2022-12-22 10:22:42] Data Insert Stop - Total Count : 3
[2022-12-22 10:23:06] com.mysql.cj.jdbc.exceptions.SQLError.createCommunicationsException(SQLError.java:174)
com.mysql.cj.jdbc.exceptions.SQLExceptionsMapping.translateException(SQLExceptionsMapping.java:64)
com.mysql.cj.jdbc.ConnectionImpl.createNewIO(ConnectionImpl.java:827)
com.mysql.cj.jdbc.ConnectionImpl.<init>(ConnectionImpl.java:447)
com.mysql.cj.jdbc.ConnectionImpl.getInstance(ConnectionImpl.java:237)
com.mysql.cj.jdbc.NonRegisteringDriver.connect(NonRegisteringDriver.java:199)
java.sql.DriverManager.getConnection(Unknown Source)
java.sql.DriverManager.getConnection(Unknown Source)
mdr.server.collector.db.ConnectionPool.initialize(ConnectionPool.java:46)
mdr.server.collector.db.ConnectionPool.<init>(ConnectionPool.java:25)
mdr.server.collector.db.ConnectionPool.getInstance(ConnectionPool.java:34)
mdr.server.collecotr.main.CollectorProc.CollectorProc(CollectorProc.java:45)
mdr.server.collecotr.main.CollectorMultiDemon.run(CollectorMultiDemon.java:88)
java.lang.Thread.run(Unknown Source)

[2022-12-22 10:23:30] com.mysql.cj.jdbc.exceptions.SQLError.createCommunicationsException(SQLError.java:174)
com.mysql.cj.jdbc.exceptions.SQLExceptionsMapping.translateException(SQLExceptionsMapping.java:64)
com.mysql.cj.jdbc.ConnectionImpl.createNewIO(ConnectionImpl.java:827)
com.mysql.cj.jdbc.ConnectionImpl.<init>(ConnectionImpl.java:447)
com.mysql.cj.jdbc.ConnectionImpl.getInstance(ConnectionImpl.java:237)
com.mysql.cj.jdbc.NonRegisteringDriver.connect(NonRegisteringDriver.java:199)
java.sql.DriverManager.getConnection(Unknown Source)
java.sql.DriverManager.getConnection(Unknown Source)
mdr.server.collector.db.ConnectionPool.initialize(ConnectionPool.java:46)
mdr.server.collector.db.ConnectionPool.<init>(ConnectionPool.java:25)
mdr.server.collector.db.ConnectionPool.getInstance(ConnectionPool.java:34)
mdr.server.collecotr.main.CollectorProc.CollectorProc(CollectorProc.java:45)
mdr.server.collecotr.main.CollectorMultiDemon.run(CollectorMultiDemon.java:88)
java.lang.Thread.run(Unknown Source)

[2022-12-22 10:23:33] Log data collect end.
[2022-12-22 10:25:25] 배치 Thread 실행
[2022-12-22 10:25:25] Collector Demon이 시작되었습니다...
[2022-12-22 10:25:25] [ collect_query ] select login_id, name, login_pawd, dprtid, user_disp, e_mail, now(), '1001', status FROM vw_if_user
[2022-12-22 10:25:25] Data Parsing Start
[2022-12-22 10:25:25] Data Insert Stop - Total Count : 3
[2022-12-22 10:25:25] [ collect_query ] SELECT dprtid, pid, name, 'level', sort , '1', now(), '1001' FROM vw_if_dprt
[2022-12-22 10:25:25] Data Parsing Start
[2022-12-22 10:25:25] Data Insert Stop - Total Count : 6
[2022-12-22 10:25:25] [ collect_query ] select login_id as user_ip, 'mac', login_id, e_mail, frst_inst, now() FROM vw_if_user
[2022-12-22 10:25:25] Data Parsing Start
[2022-12-22 10:25:25] Data Insert Stop - Total Count : 3
[2022-12-22 10:25:49] com.mysql.cj.jdbc.exceptions.SQLError.createCommunicationsException(SQLError.java:174)
com.mysql.cj.jdbc.exceptions.SQLExceptionsMapping.translateException(SQLExceptionsMapping.java:64)
com.mysql.cj.jdbc.ConnectionImpl.createNewIO(ConnectionImpl.java:827)
com.mysql.cj.jdbc.ConnectionImpl.<init>(ConnectionImpl.java:447)
com.mysql.cj.jdbc.ConnectionImpl.getInstance(ConnectionImpl.java:237)
com.mysql.cj.jdbc.NonRegisteringDriver.connect(NonRegisteringDriver.java:199)
java.sql.DriverManager.getConnection(Unknown Source)
java.sql.DriverManager.getConnection(Unknown Source)
mdr.server.collector.db.ConnectionPool.initialize(ConnectionPool.java:46)
mdr.server.collector.db.ConnectionPool.<init>(ConnectionPool.java:25)
mdr.server.collector.db.ConnectionPool.getInstance(ConnectionPool.java:34)
mdr.server.collecotr.main.CollectorProc.CollectorProc(CollectorProc.java:45)
mdr.server.collecotr.main.CollectorMultiDemon.run(CollectorMultiDemon.java:88)
java.lang.Thread.run(Unknown Source)

[2022-12-22 10:27:10] 배치 Thread 실행
[2022-12-22 10:27:10] Collector Demon이 시작되었습니다...
[2022-12-22 10:27:10] [ collect_query ] select login_id, name, login_pawd, dprtid, user_disp, e_mail, now(), '1001', status FROM vw_if_user
[2022-12-22 10:27:10] Data Parsing Start
[2022-12-22 10:27:10] Data Insert Stop - Total Count : 3
[2022-12-22 10:27:10] [ collect_query ] SELECT dprtid, pid, name, 'level', sort , '1', now(), '1001' FROM vw_if_dprt
[2022-12-22 10:27:10] Data Parsing Start
[2022-12-22 10:27:10] Data Insert Stop - Total Count : 6
[2022-12-22 10:27:10] [ collect_query ] select login_id as user_ip, 'mac', login_id, e_mail, frst_inst, now() FROM vw_if_user
[2022-12-22 10:27:10] Data Parsing Start
[2022-12-22 10:27:10] Data Insert Stop - Total Count : 3
[2022-12-22 10:27:14] com.mysql.cj.jdbc.exceptions.SQLError.createSQLException(SQLError.java:129)
com.mysql.cj.jdbc.exceptions.SQLError.createSQLException(SQLError.java:97)
com.mysql.cj.jdbc.exceptions.SQLError.createSQLException(SQLError.java:89)
com.mysql.cj.jdbc.exceptions.SQLError.createSQLException(SQLError.java:63)
com.mysql.cj.jdbc.exceptions.SQLError.createSQLException(SQLError.java:73)
com.mysql.cj.jdbc.exceptions.SQLExceptionsMapping.translateException(SQLExceptionsMapping.java:76)
com.mysql.cj.jdbc.ConnectionImpl.createNewIO(ConnectionImpl.java:827)
com.mysql.cj.jdbc.ConnectionImpl.<init>(ConnectionImpl.java:447)
com.mysql.cj.jdbc.ConnectionImpl.getInstance(ConnectionImpl.java:237)
com.mysql.cj.jdbc.NonRegisteringDriver.connect(NonRegisteringDriver.java:199)
java.sql.DriverManager.getConnection(Unknown Source)
java.sql.DriverManager.getConnection(Unknown Source)
mdr.server.collector.db.ConnectionPool.initialize(ConnectionPool.java:46)
mdr.server.collector.db.ConnectionPool.<init>(ConnectionPool.java:25)
mdr.server.collector.db.ConnectionPool.getInstance(ConnectionPool.java:34)
mdr.server.collecotr.main.CollectorProc.CollectorProc(CollectorProc.java:45)
mdr.server.collecotr.main.CollectorMultiDemon.run(CollectorMultiDemon.java:88)
java.lang.Thread.run(Unknown Source)

[2022-12-22 10:27:17] com.mysql.cj.jdbc.exceptions.SQLError.createSQLException(SQLError.java:129)
com.mysql.cj.jdbc.exceptions.SQLError.createSQLException(SQLError.java:97)
com.mysql.cj.jdbc.exceptions.SQLError.createSQLException(SQLError.java:89)
com.mysql.cj.jdbc.exceptions.SQLError.createSQLException(SQLError.java:63)
com.mysql.cj.jdbc.exceptions.SQLError.createSQLException(SQLError.java:73)
com.mysql.cj.jdbc.exceptions.SQLExceptionsMapping.translateException(SQLExceptionsMapping.java:76)
com.mysql.cj.jdbc.ConnectionImpl.createNewIO(ConnectionImpl.java:827)
com.mysql.cj.jdbc.ConnectionImpl.<init>(ConnectionImpl.java:447)
com.mysql.cj.jdbc.ConnectionImpl.getInstance(ConnectionImpl.java:237)
com.mysql.cj.jdbc.NonRegisteringDriver.connect(NonRegisteringDriver.java:199)
java.sql.DriverManager.getConnection(Unknown Source)
java.sql.DriverManager.getConnection(Unknown Source)
mdr.server.collector.db.ConnectionPool.initialize(ConnectionPool.java:46)
mdr.server.collector.db.ConnectionPool.<init>(ConnectionPool.java:25)
mdr.server.collector.db.ConnectionPool.getInstance(ConnectionPool.java:34)
mdr.server.collecotr.main.CollectorProc.CollectorProc(CollectorProc.java:45)
mdr.server.collecotr.main.CollectorMultiDemon.run(CollectorMultiDemon.java:88)
java.lang.Thread.run(Unknown Source)

[2022-12-22 10:27:20] Log data collect end.
[2022-12-22 10:29:15] 배치 Thread 실행
[2022-12-22 10:29:15] Collector Demon이 시작되었습니다...
[2022-12-22 10:29:16] [ collect_query ] select login_id, name, login_pawd, dprtid, user_disp, e_mail, now(), '1001', status FROM vw_if_user
[2022-12-22 10:29:16] Data Parsing Start
[2022-12-22 10:29:16] Data Insert Stop - Total Count : 3
[2022-12-22 10:29:16] [ collect_query ] SELECT dprtid, pid, name, 'level', sort , '1', now(), '1001' FROM vw_if_dprt
[2022-12-22 10:29:16] Data Parsing Start
[2022-12-22 10:29:16] Data Insert Stop - Total Count : 6
[2022-12-22 10:29:16] [ collect_query ] select login_id as user_ip, 'mac', login_id, e_mail, frst_inst, now() FROM vw_if_user
[2022-12-22 10:29:16] Data Parsing Start
[2022-12-22 10:29:16] Data Insert Stop - Total Count : 3
[2022-12-22 10:29:19] [ condition query ] local_detected_date > $$condition_value$$ [ condition value ] '2022-12-21'
[2022-12-22 10:29:19] [ collect_query ] SELECT id, agent_agent_key, agent_name, conn_ip, department_full_patch, detected_date, detected_method, hash, local_detected_date, malware_id, name, `path`, treat_type FROM view_malware_log WHERE local_detected_date > '2022-12-21' ORDER BY local_detected_date
[2022-12-22 10:29:19] [ view_malware_log ] Log 수집 데이터 없음..... 파일생성 및 전송 미처리...
[2022-12-22 10:29:19] [ condition query ] local_blocked_date > $$condition_value$$ [ condition value ] '2022-12-21'
[2022-12-22 10:29:19] [ collect_query ] SELECT id, agent_agent_key, agent_name, blocked_date, blocked_program_path, conn_ip, department_full_path, local_blocked_date, target_file_path FROM view_ransomware_block_log WHERE local_blocked_date > '2022-12-21' ORDER BY local_blocked_date
[2022-12-22 10:29:19] [ view_ransomware_block_log ] Log 수집 데이터 없음..... 파일생성 및 전송 미처리...
[2022-12-22 10:29:22] [ condition query ] DETECTDATE > $$condition_value$$ [ condition value ] '2022-12-21'
[2022-12-22 10:29:22] [ collect_query ] SELECT MEDIALOGID, REGDATE, DETECTDATE, ASSETID, ASSETCODE, WANIP, LANIP, ORGID, ORGNAME, EMPID, EMPNAME, ISINSIDECOMPANY, PCLOGINID, MEDIATYPE, LOGRESULT, FILENAME, FILESIZE, SORTTYPE, FULLORGNAME, NETBIOSNAME, ISIMAGEEXISTS FROM vw_media WHERE DETECTDATE > '2022-12-21' ORDER BY DETECTDATE
[2022-12-22 10:29:22] Data Parsing Start
[2022-12-22 10:29:22] Data Insert Stop - Total Count : 1
[2022-12-22 10:29:22] [ condition query ] FILECOPYDATE > $$condition_value$$ [ condition value ] '2022-12-21'
[2022-12-22 10:29:22] [ collect_query ] SELECT SNO, USEREMPID, ORGNAME, EMPNAME, FILENAME, FILESIZE, FILECOPYDATE, FILEPATH, NETBIOSNAME, LOCATION, ISBLOCK FROM vw_usbrwlog WHERE FILECOPYDATE > '2022-12-21' ORDER BY FILECOPYDATE
[2022-12-22 10:29:22] Data Parsing Start
[2022-12-22 10:29:22] CopyData Error : 오류: "userid" 칼럼은 "sdlp_usbrwlog" 릴레이션(relation)에 없음
[2022-12-22 10:29:22] Data Insert Stop - Total Count : 1
[2022-12-22 10:29:25] Log data collect end.
[2022-12-22 10:34:36] 배치 Thread 실행
[2022-12-22 10:34:36] Collector Demon이 시작되었습니다...
[2022-12-22 10:34:37] [ collect_query ] select login_id, name, login_pawd, dprtid, user_disp, e_mail, now(), '1001', status FROM vw_if_user
[2022-12-22 10:34:37] Data Parsing Start
[2022-12-22 10:34:37] Data Insert Stop - Total Count : 3
[2022-12-22 10:34:37] [ collect_query ] SELECT dprtid, pid, name, 'level', sort , '1', now(), '1001' FROM vw_if_dprt
[2022-12-22 10:34:37] Data Parsing Start
[2022-12-22 10:34:37] Data Insert Stop - Total Count : 6
[2022-12-22 10:34:37] [ collect_query ] select login_id as user_ip, 'mac', login_id, e_mail, frst_inst, now() FROM vw_if_user
[2022-12-22 10:34:37] Data Parsing Start
[2022-12-22 10:34:37] Data Insert Stop - Total Count : 3
[2022-12-22 10:34:40] [ condition query ] detected_date > $$condition_value$$ [ condition value ] '2022-12-21'
[2022-12-22 10:34:40] [ collect_query ] SELECT id, agent_agent_key, agent_name, conn_ip, department_full_patch, detected_date, detected_method, hash, local_detected_date, malware_id, name, `path`, treat_type FROM view_malware_log WHERE detected_date > '2022-12-21' ORDER BY detected_date
[2022-12-22 10:34:40] Data Parsing Start
[2022-12-22 10:34:40] Data Insert Stop - Total Count : 1
[2022-12-22 10:34:40] [ condition query ] blocked_date > $$condition_value$$ [ condition value ] '2022-12-21'
[2022-12-22 10:34:40] [ collect_query ] SELECT id, agent_agent_key, agent_name, blocked_date, blocked_program_path, conn_ip, department_full_path, local_blocked_date, target_file_path FROM view_ransomware_block_log WHERE blocked_date > '2022-12-21' ORDER BY blocked_date
[2022-12-22 10:34:40] Data Parsing Start
[2022-12-22 10:34:40] CopyData Error : 오류: timestamp 자료형 대한 잘못된 입력: "null"
  Where: alyac_ransomware_block_log 복사, 1번째 줄, local_blocked_date 열: "null"
[2022-12-22 10:34:40] Data Insert Stop - Total Count : 1
[2022-12-22 10:34:43] [ condition query ] DETECTDATE > $$condition_value$$ [ condition value ] '2022-12-21'
[2022-12-22 10:34:43] [ collect_query ] SELECT MEDIALOGID, REGDATE, DETECTDATE, ASSETID, ASSETCODE, WANIP, LANIP, ORGID, ORGNAME, EMPID, EMPNAME, ISINSIDECOMPANY, PCLOGINID, MEDIATYPE, LOGRESULT, FILENAME, FILESIZE, SORTTYPE, FULLORGNAME, NETBIOSNAME, ISIMAGEEXISTS FROM vw_media WHERE DETECTDATE > '2022-12-21' ORDER BY DETECTDATE
[2022-12-22 10:34:43] Data Parsing Start
[2022-12-22 10:34:43] Data Insert Stop - Total Count : 1
[2022-12-22 10:34:43] [ condition query ] FILECOPYDATE > $$condition_value$$ [ condition value ] '2022-12-21'
[2022-12-22 10:34:43] [ collect_query ] SELECT SNO, USEREMPID, ORGNAME, EMPNAME, FILENAME, FILESIZE, FILECOPYDATE, FILEPATH, NETBIOSNAME, LOCATION, ISBLOCK FROM vw_usbrwlog WHERE FILECOPYDATE > '2022-12-21' ORDER BY FILECOPYDATE
[2022-12-22 10:34:43] Data Parsing Start
[2022-12-22 10:34:43] Data Insert Stop - Total Count : 1
[2022-12-22 10:34:46] Log data collect end.
[2022-12-22 10:40:33] 배치 Thread 실행
[2022-12-22 10:40:33] Collector Demon이 시작되었습니다...
[2022-12-22 10:40:33] [ collect_query ] select login_id, name, login_pawd, dprtid, user_disp, e_mail, now(), '1001', status FROM vw_if_user
[2022-12-22 10:40:33] Data Parsing Start
[2022-12-22 10:40:33] Data Insert Stop - Total Count : 3
[2022-12-22 10:40:33] [ collect_query ] SELECT dprtid, pid, name, 'level', sort , '1', now(), '1001' FROM vw_if_dprt
[2022-12-22 10:40:33] Data Parsing Start
[2022-12-22 10:40:33] Data Insert Stop - Total Count : 6
[2022-12-22 10:40:33] [ collect_query ] select login_id as user_ip, 'mac', login_id, e_mail, frst_inst, now() FROM vw_if_user
[2022-12-22 10:40:33] Data Parsing Start
[2022-12-22 10:40:34] Data Insert Stop - Total Count : 3
[2022-12-22 10:40:37] [ condition query ] detected_date > $$condition_value$$ [ condition value ] '2022-12-21'
[2022-12-22 10:40:37] [ collect_query ] SELECT id, agent_agent_key, agent_name, conn_ip, department_full_patch, detected_date, detected_method, hash, local_detected_date, malware_id, name, `path`, treat_type FROM view_malware_log WHERE detected_date > '2022-12-21' ORDER BY detected_date
[2022-12-22 10:40:37] Data Parsing Start
[2022-12-22 10:49:05] 배치 Thread 실행
[2022-12-22 10:49:05] Collector Demon이 시작되었습니다...
[2022-12-22 10:49:06] [ collect_query ] select login_id, name, login_pawd, dprtid, user_disp, e_mail, now(), '1001', status FROM vw_if_user
[2022-12-22 10:49:06] Data Parsing Start
[2022-12-22 10:49:06] Data Insert Stop - Total Count : 3
[2022-12-22 10:49:06] [ collect_query ] SELECT dprtid, pid, name, 'level', sort , '1', now(), '1001' FROM vw_if_dprt
[2022-12-22 10:49:06] Data Parsing Start
[2022-12-22 10:49:06] Data Insert Stop - Total Count : 6
[2022-12-22 10:49:06] [ collect_query ] select login_id as user_ip, 'mac', login_id, e_mail, frst_inst, now() FROM vw_if_user
[2022-12-22 10:49:06] Data Parsing Start
[2022-12-22 10:49:06] Data Insert Stop - Total Count : 3
[2022-12-22 10:49:09] [ condition query ] detected_date > $$condition_value$$ [ condition value ] '2022-12-21'
[2022-12-22 10:49:09] [ collect_query ] SELECT id, agent_agent_key, agent_name, conn_ip, department_full_patch, detected_date, detected_method, hash, local_detected_date, malware_id, name, `path`, treat_type FROM view_malware_log WHERE detected_date > '2022-12-21' ORDER BY detected_date
[2022-12-22 10:49:09] Data Parsing Start
[2022-12-22 10:51:40] 배치 Thread 실행
[2022-12-22 10:51:40] Collector Demon이 시작되었습니다...
[2022-12-22 10:51:41] [ collect_query ] select login_id, name, login_pawd, dprtid, user_disp, e_mail, now(), '1001', status FROM vw_if_user
[2022-12-22 10:51:41] Data Parsing Start
[2022-12-22 10:51:41] Data Insert Stop - Total Count : 3
[2022-12-22 10:51:41] [ collect_query ] SELECT dprtid, pid, name, 'level', sort , '1', now(), '1001' FROM vw_if_dprt
[2022-12-22 10:51:41] Data Parsing Start
[2022-12-22 10:51:41] Data Insert Stop - Total Count : 6
[2022-12-22 10:51:41] [ collect_query ] select login_id as user_ip, 'mac', login_id, e_mail, frst_inst, now() FROM vw_if_user
[2022-12-22 10:51:41] Data Parsing Start
[2022-12-22 10:51:41] Data Insert Stop - Total Count : 3
[2022-12-22 10:51:44] [ condition query ] detected_date > $$condition_value$$ [ condition value ] '2022-12-21'
[2022-12-22 10:51:44] [ collect_query ] SELECT id, agent_agent_key, agent_name, conn_ip, department_full_patch, detected_date, detected_method, hash, local_detected_date, malware_id, name, `path`, treat_type FROM view_malware_log WHERE detected_date > '2022-12-21' ORDER BY detected_date
[2022-12-22 10:51:44] Data Parsing Start
[2022-12-22 10:51:44] Data Insert Stop - Total Count : 1
[2022-12-22 10:51:44] [ condition query ] blocked_date > $$condition_value$$ [ condition value ] '2022-12-21'
[2022-12-22 10:51:44] [ collect_query ] SELECT id, agent_agent_key, agent_name, blocked_date, blocked_program_path, conn_ip, department_full_path, local_blocked_date, target_file_path FROM view_ransomware_block_log WHERE blocked_date > '2022-12-21' ORDER BY blocked_date
[2022-12-22 10:51:44] Data Parsing Start
[2022-12-22 10:53:08] 배치 Thread 실행
[2022-12-22 10:53:08] Collector Demon이 시작되었습니다...
[2022-12-22 10:53:08] [ collect_query ] select login_id, name, login_pawd, dprtid, user_disp, e_mail, now(), '1001', status FROM vw_if_user
[2022-12-22 10:53:08] Data Parsing Start
[2022-12-22 10:53:08] Data Insert Stop - Total Count : 3
[2022-12-22 10:53:08] [ collect_query ] SELECT dprtid, pid, name, 'level', sort , '1', now(), '1001' FROM vw_if_dprt
[2022-12-22 10:53:08] Data Parsing Start
[2022-12-22 10:53:08] Data Insert Stop - Total Count : 6
[2022-12-22 10:53:08] [ collect_query ] select login_id as user_ip, 'mac', login_id, e_mail, frst_inst, now() FROM vw_if_user
[2022-12-22 10:53:08] Data Parsing Start
[2022-12-22 10:53:08] Data Insert Stop - Total Count : 3
[2022-12-22 10:53:11] [ condition query ] detected_date > $$condition_value$$ [ condition value ] '2022-12-21 11:38:31.052000000'
[2022-12-22 10:53:11] [ collect_query ] SELECT id, agent_agent_key, agent_name, conn_ip, department_full_patch, detected_date, detected_method, hash, local_detected_date, malware_id, name, `path`, treat_type FROM view_malware_log WHERE detected_date > '2022-12-21 11:38:31.052000000' ORDER BY detected_date
[2022-12-22 10:53:11] [ view_malware_log ] Log 수집 데이터 없음..... 파일생성 및 전송 미처리...
[2022-12-22 10:53:11] [ condition query ] blocked_date > $$condition_value$$ [ condition value ] '2022-12-21'
[2022-12-22 10:53:11] [ collect_query ] SELECT id, agent_agent_key, agent_name, blocked_date, blocked_program_path, conn_ip, department_full_path, local_blocked_date, target_file_path FROM view_ransomware_block_log WHERE blocked_date > '2022-12-21' ORDER BY blocked_date
[2022-12-22 10:53:11] Data Parsing Start
[2022-12-22 11:00:07] 배치 Thread 실행
[2022-12-22 11:00:07] Collector Demon이 시작되었습니다...
[2022-12-22 11:00:07] [ collect_query ] select login_id, name, login_pawd, dprtid, user_disp, e_mail, now(), '1001', status FROM vw_if_user
[2022-12-22 11:00:07] Data Parsing Start
[2022-12-22 11:00:07] Data Insert Stop - Total Count : 3
[2022-12-22 11:00:07] [ collect_query ] SELECT dprtid, pid, name, 'level', sort , '1', now(), '1001' FROM vw_if_dprt
[2022-12-22 11:00:07] Data Parsing Start
[2022-12-22 11:00:07] Data Insert Stop - Total Count : 6
[2022-12-22 11:00:07] [ collect_query ] select login_id as user_ip, 'mac', login_id, e_mail, frst_inst, now() FROM vw_if_user
[2022-12-22 11:00:07] Data Parsing Start
[2022-12-22 11:00:07] Data Insert Stop - Total Count : 3
[2022-12-22 11:00:10] [ condition query ] detected_date > $$condition_value$$ [ condition value ] '2022-12-21 11:38:31.052000000'
[2022-12-22 11:00:10] [ collect_query ] SELECT id, agent_agent_key, agent_name, conn_ip, department_full_patch, detected_date, detected_method, hash, local_detected_date, malware_id, name, `path`, treat_type FROM view_malware_log WHERE detected_date > '2022-12-21 11:38:31.052000000' ORDER BY detected_date
[2022-12-22 11:00:10] [ view_malware_log ] Log 수집 데이터 없음..... 파일생성 및 전송 미처리...
[2022-12-22 11:00:10] [ condition query ] blocked_date > $$condition_value$$ [ condition value ] '2022-12-21'
[2022-12-22 11:00:10] [ collect_query ] SELECT id, agent_agent_key, agent_name, blocked_date, blocked_program_path, conn_ip, department_full_path, local_blocked_date, target_file_path FROM view_ransomware_block_log WHERE blocked_date > '2022-12-21' ORDER BY blocked_date
[2022-12-22 11:00:10] Data Parsing Start
[2022-12-22 11:05:06] 배치 Thread 실행
[2022-12-22 11:05:06] Collector Demon이 시작되었습니다...
[2022-12-22 11:05:06] [ collect_query ] select login_id, name, login_pawd, dprtid, user_disp, e_mail, now(), '1001', status FROM vw_if_user
[2022-12-22 11:05:06] Data Parsing Start
[2022-12-22 11:05:06] Data Insert Stop - Total Count : 3
[2022-12-22 11:05:06] [ collect_query ] SELECT dprtid, pid, name, 'level', sort , '1', now(), '1001' FROM vw_if_dprt
[2022-12-22 11:05:06] Data Parsing Start
[2022-12-22 11:05:06] Data Insert Stop - Total Count : 6
[2022-12-22 11:05:06] [ collect_query ] select login_id as user_ip, 'mac', login_id, e_mail, frst_inst, now() FROM vw_if_user
[2022-12-22 11:05:06] Data Parsing Start
[2022-12-22 11:05:06] Data Insert Stop - Total Count : 3
[2022-12-22 11:05:09] [ condition query ] detected_date > $$condition_value$$ [ condition value ] '2022-12-21 11:38:31.052000000'
[2022-12-22 11:05:09] [ collect_query ] SELECT id, agent_agent_key, agent_name, conn_ip, department_full_patch, detected_date, detected_method, hash, local_detected_date, malware_id, name, `path`, treat_type FROM view_malware_log WHERE detected_date > '2022-12-21 11:38:31.052000000' ORDER BY detected_date
[2022-12-22 11:05:09] [ view_malware_log ] Log 수집 데이터 없음..... 파일생성 및 전송 미처리...
[2022-12-22 11:05:09] [ condition query ] blocked_date > $$condition_value$$ [ condition value ] '2022-12-21'
[2022-12-22 11:05:09] [ collect_query ] SELECT id, agent_agent_key, agent_name, blocked_date, blocked_program_path, conn_ip, department_full_path, local_blocked_date, target_file_path FROM view_ransomware_block_log WHERE blocked_date > '2022-12-21' ORDER BY blocked_date
[2022-12-22 11:05:09] Data Parsing Start
[2022-12-22 11:05:09] CopyData Error : 오류: "blocked_date" 칼럼을 하나 이상 지정했음
[2022-12-22 11:05:09] Data Insert Stop - Total Count : 1
[2022-12-22 11:05:12] [ condition query ] DETECTDATE > $$condition_value$$ [ condition value ] '2022-12-21'
[2022-12-22 11:05:12] [ collect_query ] SELECT MEDIALOGID, REGDATE, DETECTDATE, ASSETID, ASSETCODE, WANIP, LANIP, ORGID, ORGNAME, EMPID, EMPNAME, ISINSIDECOMPANY, PCLOGINID, MEDIATYPE, LOGRESULT, FILENAME, FILESIZE, SORTTYPE, FULLORGNAME, NETBIOSNAME, ISIMAGEEXISTS FROM vw_media WHERE DETECTDATE > '2022-12-21' ORDER BY DETECTDATE
[2022-12-22 11:05:12] Data Parsing Start
[2022-12-22 11:05:12] Data Insert Stop - Total Count : 1
[2022-12-22 11:05:13] [ condition query ] FILECOPYDATE > $$condition_value$$ [ condition value ] '2022-12-21'
[2022-12-22 11:05:13] [ collect_query ] SELECT SNO, USEREMPID, ORGNAME, EMPNAME, FILENAME, FILESIZE, FILECOPYDATE, FILEPATH, NETBIOSNAME, LOCATION, ISBLOCK FROM vw_usbrwlog WHERE FILECOPYDATE > '2022-12-21' ORDER BY FILECOPYDATE
[2022-12-22 11:05:13] Data Parsing Start
[2022-12-22 11:05:13] Data Insert Stop - Total Count : 1
[2022-12-22 11:05:16] Log data collect end.
[2022-12-22 11:05:39] 배치 Thread 실행
[2022-12-22 11:05:39] Collector Demon이 시작되었습니다...
[2022-12-22 11:05:39] [ collect_query ] select login_id, name, login_pawd, dprtid, user_disp, e_mail, now(), '1001', status FROM vw_if_user
[2022-12-22 11:05:39] Data Parsing Start
[2022-12-22 11:05:39] Data Insert Stop - Total Count : 3
[2022-12-22 11:05:39] [ collect_query ] SELECT dprtid, pid, name, 'level', sort , '1', now(), '1001' FROM vw_if_dprt
[2022-12-22 11:05:39] Data Parsing Start
[2022-12-22 11:05:39] Data Insert Stop - Total Count : 6
[2022-12-22 11:05:39] [ collect_query ] select login_id as user_ip, 'mac', login_id, e_mail, frst_inst, now() FROM vw_if_user
[2022-12-22 11:05:39] Data Parsing Start
[2022-12-22 11:05:39] Data Insert Stop - Total Count : 3
[2022-12-22 11:05:43] [ condition query ] detected_date > $$condition_value$$ [ condition value ] '2022-12-21 11:38:31.052000000'
[2022-12-22 11:05:43] [ collect_query ] SELECT id, agent_agent_key, agent_name, conn_ip, department_full_patch, detected_date, detected_method, hash, local_detected_date, malware_id, name, `path`, treat_type FROM view_malware_log WHERE detected_date > '2022-12-21 11:38:31.052000000' ORDER BY detected_date
[2022-12-22 11:05:43] [ view_malware_log ] Log 수집 데이터 없음..... 파일생성 및 전송 미처리...
[2022-12-22 11:05:43] [ condition query ] blocked_date > $$condition_value$$ [ condition value ] '2022-12-21'
[2022-12-22 11:05:43] [ collect_query ] SELECT id, agent_agent_key, agent_name, blocked_date, blocked_program_path, conn_ip, department_full_path, local_blocked_date, target_file_path FROM view_ransomware_block_log WHERE blocked_date > '2022-12-21' ORDER BY blocked_date
[2022-12-22 11:05:43] Data Parsing Start
[2022-12-22 11:05:43] CopyData Error : 오류: 구문 오류, "(" 부근
  Position: 186
[2022-12-22 11:05:43] Data Insert Stop - Total Count : 1
[2022-12-22 11:05:46] [ condition query ] DETECTDATE > $$condition_value$$ [ condition value ] '2022-12-21 11:02:26'
[2022-12-22 11:05:46] [ collect_query ] SELECT MEDIALOGID, REGDATE, DETECTDATE, ASSETID, ASSETCODE, WANIP, LANIP, ORGID, ORGNAME, EMPID, EMPNAME, ISINSIDECOMPANY, PCLOGINID, MEDIATYPE, LOGRESULT, FILENAME, FILESIZE, SORTTYPE, FULLORGNAME, NETBIOSNAME, ISIMAGEEXISTS FROM vw_media WHERE DETECTDATE > '2022-12-21 11:02:26' ORDER BY DETECTDATE
[2022-12-22 11:05:46] [ vw_media ] Log 수집 데이터 없음..... 파일생성 및 전송 미처리...
[2022-12-22 11:05:46] [ condition query ] FILECOPYDATE > $$condition_value$$ [ condition value ] '2022-12-21 12:44:05'
[2022-12-22 11:05:46] [ collect_query ] SELECT SNO, USEREMPID, ORGNAME, EMPNAME, FILENAME, FILESIZE, FILECOPYDATE, FILEPATH, NETBIOSNAME, LOCATION, ISBLOCK FROM vw_usbrwlog WHERE FILECOPYDATE > '2022-12-21 12:44:05' ORDER BY FILECOPYDATE
[2022-12-22 11:05:46] [ vw_usbrwlog ] Log 수집 데이터 없음..... 파일생성 및 전송 미처리...
[2022-12-22 11:05:49] Log data collect end.
[2022-12-22 11:06:32] 배치 Thread 실행
[2022-12-22 11:06:32] Collector Demon이 시작되었습니다...
[2022-12-22 11:06:33] [ collect_query ] select login_id, name, login_pawd, dprtid, user_disp, e_mail, now(), '1001', status FROM vw_if_user
[2022-12-22 11:06:33] Data Parsing Start
[2022-12-22 11:06:33] Data Insert Stop - Total Count : 3
[2022-12-22 11:06:33] [ collect_query ] SELECT dprtid, pid, name, 'level', sort , '1', now(), '1001' FROM vw_if_dprt
[2022-12-22 11:06:33] Data Parsing Start
[2022-12-22 11:06:33] Data Insert Stop - Total Count : 6
[2022-12-22 11:06:33] [ collect_query ] select login_id as user_ip, 'mac', login_id, e_mail, frst_inst, now() FROM vw_if_user
[2022-12-22 11:06:33] Data Parsing Start
[2022-12-22 11:06:33] Data Insert Stop - Total Count : 3
[2022-12-22 11:06:36] [ condition query ] detected_date > $$condition_value$$ [ condition value ] '2022-12-21 11:38:31.052000000'
[2022-12-22 11:06:36] [ collect_query ] SELECT id, agent_agent_key, agent_name, conn_ip, department_full_patch, detected_date, detected_method, hash, local_detected_date, malware_id, name, `path`, treat_type FROM view_malware_log WHERE detected_date > '2022-12-21 11:38:31.052000000' ORDER BY detected_date
[2022-12-22 11:06:36] [ view_malware_log ] Log 수집 데이터 없음..... 파일생성 및 전송 미처리...
[2022-12-22 11:06:36] [ condition query ] blocked_date > $$condition_value$$ [ condition value ] '2022-12-21'
[2022-12-22 11:06:36] [ collect_query ] SELECT id, agent_agent_key, agent_name, blocked_date, blocked_program_path, conn_ip, department_full_path, now(), target_file_path FROM view_ransomware_block_log WHERE blocked_date > '2022-12-21' ORDER BY blocked_date
[2022-12-22 11:06:36] Data Parsing Start
[2022-12-22 11:06:36] Data Insert Stop - Total Count : 1
[2022-12-22 11:06:39] [ condition query ] DETECTDATE > $$condition_value$$ [ condition value ] '2022-12-21 11:02:26'
[2022-12-22 11:06:39] [ collect_query ] SELECT MEDIALOGID, REGDATE, DETECTDATE, ASSETID, ASSETCODE, WANIP, LANIP, ORGID, ORGNAME, EMPID, EMPNAME, ISINSIDECOMPANY, PCLOGINID, MEDIATYPE, LOGRESULT, FILENAME, FILESIZE, SORTTYPE, FULLORGNAME, NETBIOSNAME, ISIMAGEEXISTS FROM vw_media WHERE DETECTDATE > '2022-12-21 11:02:26' ORDER BY DETECTDATE
[2022-12-22 11:06:39] [ vw_media ] Log 수집 데이터 없음..... 파일생성 및 전송 미처리...
[2022-12-22 11:06:39] [ condition query ] FILECOPYDATE > $$condition_value$$ [ condition value ] '2022-12-21 12:44:05'
[2022-12-22 11:06:39] [ collect_query ] SELECT SNO, USEREMPID, ORGNAME, EMPNAME, FILENAME, FILESIZE, FILECOPYDATE, FILEPATH, NETBIOSNAME, LOCATION, ISBLOCK FROM vw_usbrwlog WHERE FILECOPYDATE > '2022-12-21 12:44:05' ORDER BY FILECOPYDATE
[2022-12-22 11:06:39] [ vw_usbrwlog ] Log 수집 데이터 없음..... 파일생성 및 전송 미처리...
[2022-12-22 11:06:42] Log data collect end.
[2022-12-22 14:25:54] 배치 Thread 실행
[2022-12-22 14:25:54] Collector Demon이 시작되었습니다...
[2022-12-22 14:25:55] [ collect_query ] select login_id, name, login_pawd, dprtid, user_disp, e_mail, now(), '1001', status FROM vw_if_user
[2022-12-22 14:25:55] Data Parsing Start
[2022-12-22 14:25:55] Data Insert Stop - Total Count : 3
[2022-12-22 14:25:55] [ collect_query ] SELECT dprtid, pid, name, 'level', sort , '1', now(), '1001' FROM vw_if_dprt
[2022-12-22 14:25:55] Data Parsing Start
[2022-12-22 14:25:55] Data Insert Stop - Total Count : 6
[2022-12-22 14:25:55] [ collect_query ] select login_id as user_ip, 'mac', login_id, e_mail, frst_inst, now() FROM vw_if_user
[2022-12-22 14:25:55] Data Parsing Start
[2022-12-22 14:25:55] Data Insert Stop - Total Count : 3
[2022-12-22 14:25:58] [ condition query ] detected_date > $$condition_value$$ [ condition value ] '2022-12-21 11:38:31.052000000'
[2022-12-22 14:25:58] [ collect_query ] SELECT id, agent_agent_key, agent_name, conn_ip, department_full_patch, detected_date, detected_method, hash, local_detected_date, malware_id, name, `path`, treat_type FROM view_malware_log WHERE detected_date > '2022-12-21 11:38:31.052000000' ORDER BY detected_date
[2022-12-22 14:25:58] [ view_malware_log ] Log 수집 데이터 없음..... 파일생성 및 전송 미처리...
[2022-12-22 14:25:58] [ condition query ] blocked_date > $$condition_value$$ [ condition value ] '2022-12-21 08:57:58.005000000'
[2022-12-22 14:25:58] [ collect_query ] SELECT id, agent_agent_key, agent_name, blocked_date, blocked_program_path, conn_ip, department_full_path, now(), target_file_path FROM view_ransomware_block_log WHERE blocked_date > '2022-12-21 08:57:58.005000000' ORDER BY blocked_date
[2022-12-22 14:25:58] [ view_ransomware_block_log ] Log 수집 데이터 없음..... 파일생성 및 전송 미처리...
[2022-12-22 14:26:01] [ condition query ] DETECTDATE > $$condition_value$$ [ condition value ] '2022-12-21 11:02:26'
[2022-12-22 14:26:01] [ collect_query ] SELECT MEDIALOGID, REGDATE, DETECTDATE, ASSETID, ASSETCODE, WANIP, LANIP, ORGID, ORGNAME, EMPID, EMPNAME, ISINSIDECOMPANY, PCLOGINID, MEDIATYPE, LOGRESULT, FILENAME, FILESIZE, SORTTYPE, FULLORGNAME, NETBIOSNAME, ISIMAGEEXISTS FROM vw_media WHERE DETECTDATE > '2022-12-21 11:02:26' ORDER BY DETECTDATE
[2022-12-22 14:26:01] [ vw_media ] Log 수집 데이터 없음..... 파일생성 및 전송 미처리...
[2022-12-22 14:26:01] [ condition query ] FILECOPYDATE > $$condition_value$$ [ condition value ] '2022-12-21 12:44:05'
[2022-12-22 14:26:01] [ collect_query ] SELECT SNO, USEREMPID, ORGNAME, EMPNAME, FILENAME, FILESIZE, FILECOPYDATE, FILEPATH, NETBIOSNAME, LOCATION, ISBLOCK FROM vw_usbrwlog WHERE FILECOPYDATE > '2022-12-21 12:44:05' ORDER BY FILECOPYDATE
[2022-12-22 14:26:01] [ vw_usbrwlog ] Log 수집 데이터 없음..... 파일생성 및 전송 미처리...
[2022-12-22 14:26:04] Log data collect end.
[2022-12-22 14:29:37] 배치 Thread 실행
[2022-12-22 14:29:37] Collector Demon이 시작되었습니다...
[2022-12-22 14:29:38] [ collect_query ] select login_id, name, login_pawd, dprtid, user_disp, e_mail, now(), '1001', status FROM vw_if_user
[2022-12-22 14:29:38] Data Parsing Start
[2022-12-22 14:29:38] Data Insert Stop - Total Count : 4
[2022-12-22 14:29:38] [ collect_query ] SELECT dprtid, pid, name, 'level', sort , '1', now(), '1001' FROM vw_if_dprt
[2022-12-22 14:29:38] Data Parsing Start
[2022-12-22 14:29:38] Data Insert Stop - Total Count : 6
[2022-12-22 14:29:38] [ collect_query ] select login_id as user_ip, 'mac', login_id, e_mail, frst_inst, now() FROM vw_if_user
[2022-12-22 14:29:38] Data Parsing Start
[2022-12-22 14:29:38] Data Insert Stop - Total Count : 4
[2022-12-22 14:29:41] [ condition query ] detected_date > $$condition_value$$ [ condition value ] '2022-12-21 11:38:31.052000000'
[2022-12-22 14:29:41] [ collect_query ] SELECT id, agent_agent_key, agent_name, conn_ip, department_full_patch, detected_date, detected_method, hash, local_detected_date, malware_id, name, `path`, treat_type FROM view_malware_log WHERE detected_date > '2022-12-21 11:38:31.052000000' ORDER BY detected_date
[2022-12-22 14:29:41] [ view_malware_log ] Log 수집 데이터 없음..... 파일생성 및 전송 미처리...
[2022-12-22 14:29:41] [ condition query ] blocked_date > $$condition_value$$ [ condition value ] '2022-12-21 08:57:58.005000000'
[2022-12-22 14:29:41] [ collect_query ] SELECT id, agent_agent_key, agent_name, blocked_date, blocked_program_path, conn_ip, department_full_path, now(), target_file_path FROM view_ransomware_block_log WHERE blocked_date > '2022-12-21 08:57:58.005000000' ORDER BY blocked_date
[2022-12-22 14:29:41] [ view_ransomware_block_log ] Log 수집 데이터 없음..... 파일생성 및 전송 미처리...
[2022-12-22 14:29:44] [ condition query ] DETECTDATE > $$condition_value$$ [ condition value ] '2022-12-21 11:02:26'
[2022-12-22 14:29:44] [ collect_query ] SELECT MEDIALOGID, REGDATE, DETECTDATE, ASSETID, ASSETCODE, WANIP, LANIP, ORGID, ORGNAME, EMPID, EMPNAME, ISINSIDECOMPANY, PCLOGINID, MEDIATYPE, LOGRESULT, FILENAME, FILESIZE, SORTTYPE, FULLORGNAME, NETBIOSNAME, ISIMAGEEXISTS FROM vw_media WHERE DETECTDATE > '2022-12-21 11:02:26' ORDER BY DETECTDATE
[2022-12-22 14:29:44] [ vw_media ] Log 수집 데이터 없음..... 파일생성 및 전송 미처리...
[2022-12-22 14:29:44] [ condition query ] FILECOPYDATE > $$condition_value$$ [ condition value ] '2022-12-21 12:44:05'
[2022-12-22 14:29:44] [ collect_query ] SELECT SNO, USEREMPID, ORGNAME, EMPNAME, FILENAME, FILESIZE, FILECOPYDATE, FILEPATH, NETBIOSNAME, LOCATION, ISBLOCK FROM vw_usbrwlog WHERE FILECOPYDATE > '2022-12-21 12:44:05' ORDER BY FILECOPYDATE
[2022-12-22 14:29:44] [ vw_usbrwlog ] Log 수집 데이터 없음..... 파일생성 및 전송 미처리...
[2022-12-22 14:29:47] Log data collect end.
[2022-12-22 14:31:16] 배치 Thread 실행
[2022-12-22 14:31:16] Collector Demon이 시작되었습니다...
[2022-12-22 14:31:16] [ collect_query ] select login_id, name, login_pawd, dprtid, user_disp, e_mail, now(), '1001', status FROM vw_if_user
[2022-12-22 14:31:16] Data Parsing Start
[2022-12-22 14:31:16] Data Insert Stop - Total Count : 4
[2022-12-22 14:31:16] [ collect_query ] SELECT dprtid, pid, name, 'level', sort , '1', now(), '1001' FROM vw_if_dprt
[2022-12-22 14:31:16] Data Parsing Start
[2022-12-22 14:31:16] Data Insert Stop - Total Count : 7
[2022-12-22 14:31:16] [ collect_query ] select login_id as user_ip, 'mac', login_id, e_mail, frst_inst, now() FROM vw_if_user
[2022-12-22 14:31:16] Data Parsing Start
[2022-12-22 14:31:16] Data Insert Stop - Total Count : 4
[2022-12-22 14:31:20] [ condition query ] detected_date > $$condition_value$$ [ condition value ] '2022-12-21 11:38:31.052000000'
[2022-12-22 14:31:20] [ collect_query ] SELECT id, agent_agent_key, agent_name, conn_ip, department_full_patch, detected_date, detected_method, hash, local_detected_date, malware_id, name, `path`, treat_type FROM view_malware_log WHERE detected_date > '2022-12-21 11:38:31.052000000' ORDER BY detected_date
[2022-12-22 14:31:20] [ view_malware_log ] Log 수집 데이터 없음..... 파일생성 및 전송 미처리...
[2022-12-22 14:31:20] [ condition query ] blocked_date > $$condition_value$$ [ condition value ] '2022-12-21 08:57:58.005000000'
[2022-12-22 14:31:20] [ collect_query ] SELECT id, agent_agent_key, agent_name, blocked_date, blocked_program_path, conn_ip, department_full_path, now(), target_file_path FROM view_ransomware_block_log WHERE blocked_date > '2022-12-21 08:57:58.005000000' ORDER BY blocked_date
[2022-12-22 14:31:20] [ view_ransomware_block_log ] Log 수집 데이터 없음..... 파일생성 및 전송 미처리...
[2022-12-22 14:31:23] [ condition query ] DETECTDATE > $$condition_value$$ [ condition value ] '2022-12-21 11:02:26'
[2022-12-22 14:31:23] [ collect_query ] SELECT MEDIALOGID, REGDATE, DETECTDATE, ASSETID, ASSETCODE, WANIP, LANIP, ORGID, ORGNAME, EMPID, EMPNAME, ISINSIDECOMPANY, PCLOGINID, MEDIATYPE, LOGRESULT, FILENAME, FILESIZE, SORTTYPE, FULLORGNAME, NETBIOSNAME, ISIMAGEEXISTS FROM vw_media WHERE DETECTDATE > '2022-12-21 11:02:26' ORDER BY DETECTDATE
[2022-12-22 14:31:23] [ vw_media ] Log 수집 데이터 없음..... 파일생성 및 전송 미처리...
[2022-12-22 14:31:23] [ condition query ] FILECOPYDATE > $$condition_value$$ [ condition value ] '2022-12-21 12:44:05'
[2022-12-22 14:31:23] [ collect_query ] SELECT SNO, USEREMPID, ORGNAME, EMPNAME, FILENAME, FILESIZE, FILECOPYDATE, FILEPATH, NETBIOSNAME, LOCATION, ISBLOCK FROM vw_usbrwlog WHERE FILECOPYDATE > '2022-12-21 12:44:05' ORDER BY FILECOPYDATE
[2022-12-22 14:31:23] [ vw_usbrwlog ] Log 수집 데이터 없음..... 파일생성 및 전송 미처리...
[2022-12-22 14:31:26] Log data collect end.
[2022-12-22 14:43:19] 배치 Thread 실행
[2022-12-22 14:43:19] Collector Demon이 시작되었습니다...
[2022-12-22 14:43:22] [ collect_query ] select login_id, name, login_pawd, dprtid, user_disp, e_mail, now(), '1001', status FROM vw_if_user
[2022-12-22 14:43:22] Data Parsing Start
[2022-12-22 14:43:22] Data Insert Stop - Total Count : 4
[2022-12-22 14:43:22] [ collect_query ] SELECT dprtid, pid, name, 'level', sort , '1', now(), '1001' FROM vw_if_dprt
[2022-12-22 14:43:22] Data Parsing Start
[2022-12-22 14:43:22] Data Insert Stop - Total Count : 7
[2022-12-22 14:43:22] [ collect_query ] select login_id as user_ip, 'mac', login_id, e_mail, frst_inst, now() FROM vw_if_user
[2022-12-22 14:43:22] Data Parsing Start
[2022-12-22 14:43:22] Data Insert Stop - Total Count : 4
[2022-12-22 14:43:26] [ condition query ] detected_date > $$condition_value$$ [ condition value ] '2022-12-21'
[2022-12-22 14:43:26] [ collect_query ] SELECT id, agent_agent_key, agent_name, conn_ip, department_full_patch, detected_date, detected_method, hash, local_detected_date, malware_id, name, `path`, treat_type FROM view_malware_log WHERE detected_date > '2022-12-21' ORDER BY detected_date
[2022-12-22 14:43:26] Data Parsing Start
[2022-12-22 14:43:26] Data Insert Stop - Total Count : 1
[2022-12-22 14:43:26] [ condition query ] blocked_date > $$condition_value$$ [ condition value ] '2022-12-21'
[2022-12-22 14:43:26] [ collect_query ] SELECT id, agent_agent_key, agent_name, blocked_date, blocked_program_path, conn_ip, department_full_path, now(), target_file_path FROM view_ransomware_block_log WHERE blocked_date > '2022-12-21' ORDER BY blocked_date
[2022-12-22 14:43:26] Data Parsing Start
[2022-12-22 14:43:26] Data Insert Stop - Total Count : 1
[2022-12-22 14:43:29] [ condition query ] DETECTDATE > $$condition_value$$ [ condition value ] '2022-12-21'
[2022-12-22 14:43:29] [ collect_query ] SELECT MEDIALOGID, REGDATE, DETECTDATE, ASSETID, ASSETCODE, WANIP, LANIP, ORGID, ORGNAME, EMPID, EMPNAME, ISINSIDECOMPANY, PCLOGINID, MEDIATYPE, LOGRESULT, FILENAME, FILESIZE, SORTTYPE, FULLORGNAME, NETBIOSNAME, ISIMAGEEXISTS FROM vw_media WHERE DETECTDATE > '2022-12-21' ORDER BY DETECTDATE
[2022-12-22 14:43:29] Data Parsing Start
[2022-12-22 14:43:29] Data Insert Stop - Total Count : 1
[2022-12-22 14:43:29] [ condition query ] FILECOPYDATE > $$condition_value$$ [ condition value ] '2022-12-21'
[2022-12-22 14:43:29] [ collect_query ] SELECT SNO, USEREMPID, ORGNAME, EMPNAME, FILENAME, FILESIZE, FILECOPYDATE, FILEPATH, NETBIOSNAME, LOCATION, ISBLOCK FROM vw_usbrwlog WHERE FILECOPYDATE > '2022-12-21' ORDER BY FILECOPYDATE
[2022-12-22 14:43:29] Data Parsing Start
[2022-12-22 14:43:29] Data Insert Stop - Total Count : 1
[2022-12-22 14:43:32] Log data collect end.
