[2022-03-28 13:13:19] 배치 Thread 실행
[2022-03-28 13:13:19] Collector Demon이 시작되었습니다...
[2022-03-28 13:13:24] com.mysql.cj.jdbc.exceptions.SQLError.createSQLException(SQLError.java:110)
com.mysql.cj.jdbc.exceptions.SQLError.createSQLException(SQLError.java:97)
com.mysql.cj.jdbc.exceptions.SQLExceptionsMapping.translateException(SQLExceptionsMapping.java:122)
com.mysql.cj.jdbc.ConnectionImpl.createNewIO(ConnectionImpl.java:827)
com.mysql.cj.jdbc.ConnectionImpl.<init>(ConnectionImpl.java:447)
com.mysql.cj.jdbc.ConnectionImpl.getInstance(ConnectionImpl.java:237)
com.mysql.cj.jdbc.NonRegisteringDriver.connect(NonRegisteringDriver.java:199)
java.sql.DriverManager.getConnection(Unknown Source)
java.sql.DriverManager.getConnection(Unknown Source)
mdr.server.collector.db.ConnectionPool.initialize(ConnectionPool.java:46)
mdr.server.collector.db.ConnectionPool.<init>(ConnectionPool.java:25)
mdr.server.collector.db.ConnectionPool.getInstance(ConnectionPool.java:34)
mdr.server.collecotr.main.CollectorInsa.CollectorInsa(CollectorInsa.java:40)
mdr.server.collecotr.main.CollectorMultiDemon.run(CollectorMultiDemon.java:63)
java.lang.Thread.run(Unknown Source)

[2022-03-28 13:13:48] com.ibm.db2.jcc.am.b7.a(b7.java:338)
com.ibm.db2.jcc.am.b7.a(b7.java:435)
com.ibm.db2.jcc.t4.a0.a(a0.java:450)
com.ibm.db2.jcc.t4.a0.<init>(a0.java:96)
com.ibm.db2.jcc.t4.a.b(a.java:366)
com.ibm.db2.jcc.t4.b.newAgent_(b.java:2164)
com.ibm.db2.jcc.am.Connection.initConnection(Connection.java:839)
com.ibm.db2.jcc.am.Connection.<init>(Connection.java:784)
com.ibm.db2.jcc.t4.b.<init>(b.java:350)
com.ibm.db2.jcc.DB2SimpleDataSource.getConnection(DB2SimpleDataSource.java:233)
com.ibm.db2.jcc.DB2SimpleDataSource.getConnection(DB2SimpleDataSource.java:200)
com.ibm.db2.jcc.DB2Driver.connect(DB2Driver.java:471)
com.ibm.db2.jcc.DB2Driver.connect(DB2Driver.java:113)
java.sql.DriverManager.getConnection(Unknown Source)
java.sql.DriverManager.getConnection(Unknown Source)
mdr.server.collector.db.ConnectionPool.initialize(ConnectionPool.java:46)
mdr.server.collector.db.ConnectionPool.<init>(ConnectionPool.java:25)
mdr.server.collector.db.ConnectionPool.getInstance(ConnectionPool.java:34)
mdr.server.collecotr.main.CollectorProc.CollectorProc(CollectorProc.java:45)
mdr.server.collecotr.main.CollectorMultiDemon.run(CollectorMultiDemon.java:81)
java.lang.Thread.run(Unknown Source)

[2022-03-28 13:16:37] 배치 Thread 실행
[2022-03-28 13:16:37] Collector Demon이 시작되었습니다...
[2022-03-28 13:16:38] [ collect_query ] select LOGIN_ID, NAME, LOGIN_PW, ORG_ID, ORG_NAME, EMAIL, now(), '1001', '1' FROM v_tgate_user
[2022-03-28 13:16:38] Data Parsing Start
[2022-03-28 13:16:38] Data Insert Stop - Total Count : 2
[2022-03-28 13:16:38] [ collect_query ] SELECT ORG_ID, ORG_PID, ORG_NAME, ORG_FULLNM, DISP_ORDR, '1', now(), '1001' FROM v_tgate_dept WHERE ORG_ID <> '0'
[2022-03-28 13:16:38] Data Parsing Start
[2022-03-28 13:16:38] Data Insert Stop - Total Count : 4
[2022-03-28 13:16:38] [ collect_query ] SELECT IP_ADDRESS, MAC_ADDRESS, LOGIN_ID, (select EMAIL FROM v_tgate_user as t_user where t_user.login_id = t_device.login_id) as EMAIL, cast(LAST_LOGIN_DT as datetime), now() FROM v_tgate_device as t_device
[2022-03-28 13:16:38] Data Parsing Start
[2022-03-28 13:16:38] Data Insert Stop - Total Count : 2
[2022-03-28 13:17:02] com.ibm.db2.jcc.am.b7.a(b7.java:338)
com.ibm.db2.jcc.am.b7.a(b7.java:435)
com.ibm.db2.jcc.t4.a0.a(a0.java:450)
com.ibm.db2.jcc.t4.a0.<init>(a0.java:96)
com.ibm.db2.jcc.t4.a.b(a.java:366)
com.ibm.db2.jcc.t4.b.newAgent_(b.java:2164)
com.ibm.db2.jcc.am.Connection.initConnection(Connection.java:839)
com.ibm.db2.jcc.am.Connection.<init>(Connection.java:784)
com.ibm.db2.jcc.t4.b.<init>(b.java:350)
com.ibm.db2.jcc.DB2SimpleDataSource.getConnection(DB2SimpleDataSource.java:233)
com.ibm.db2.jcc.DB2SimpleDataSource.getConnection(DB2SimpleDataSource.java:200)
com.ibm.db2.jcc.DB2Driver.connect(DB2Driver.java:471)
com.ibm.db2.jcc.DB2Driver.connect(DB2Driver.java:113)
java.sql.DriverManager.getConnection(Unknown Source)
java.sql.DriverManager.getConnection(Unknown Source)
mdr.server.collector.db.ConnectionPool.initialize(ConnectionPool.java:46)
mdr.server.collector.db.ConnectionPool.<init>(ConnectionPool.java:25)
mdr.server.collector.db.ConnectionPool.getInstance(ConnectionPool.java:34)
mdr.server.collecotr.main.CollectorProc.CollectorProc(CollectorProc.java:45)
mdr.server.collecotr.main.CollectorMultiDemon.run(CollectorMultiDemon.java:81)
java.lang.Thread.run(Unknown Source)

[2022-03-28 13:17:26] com.ibm.db2.jcc.am.b7.a(b7.java:338)
com.ibm.db2.jcc.am.b7.a(b7.java:435)
com.ibm.db2.jcc.t4.a0.a(a0.java:450)
com.ibm.db2.jcc.t4.a0.<init>(a0.java:96)
com.ibm.db2.jcc.t4.a.b(a.java:366)
com.ibm.db2.jcc.t4.b.newAgent_(b.java:2164)
com.ibm.db2.jcc.am.Connection.initConnection(Connection.java:839)
com.ibm.db2.jcc.am.Connection.<init>(Connection.java:784)
com.ibm.db2.jcc.t4.b.<init>(b.java:350)
com.ibm.db2.jcc.DB2SimpleDataSource.getConnection(DB2SimpleDataSource.java:233)
com.ibm.db2.jcc.DB2SimpleDataSource.getConnection(DB2SimpleDataSource.java:200)
com.ibm.db2.jcc.DB2Driver.connect(DB2Driver.java:471)
com.ibm.db2.jcc.DB2Driver.connect(DB2Driver.java:113)
java.sql.DriverManager.getConnection(Unknown Source)
java.sql.DriverManager.getConnection(Unknown Source)
mdr.server.collector.db.ConnectionPool.initialize(ConnectionPool.java:46)
mdr.server.collector.db.ConnectionPool.<init>(ConnectionPool.java:25)
mdr.server.collector.db.ConnectionPool.getInstance(ConnectionPool.java:34)
mdr.server.collecotr.main.CollectorProc.CollectorProc(CollectorProc.java:45)
mdr.server.collecotr.main.CollectorMultiDemon.run(CollectorMultiDemon.java:81)
java.lang.Thread.run(Unknown Source)

[2022-03-28 13:17:29] Log data collect end.
