[2022-12-23 16:05:33] 배치 Thread 실행
[2022-12-23 16:05:33] Collector Demon이 시작되었습니다...
[2022-12-23 16:05:33] [ collect_query ] select login_id, name, login_pawd, dprtid, user_disp, e_mail, now(), '1001', status FROM vw_if_user
[2022-12-23 16:05:33] Data Parsing Start
[2022-12-23 16:05:33] Data Insert Stop - Total Count : 4
[2022-12-23 16:05:33] [ collect_query ] SELECT dprtid, pid, name, 'level', sort , '1', now(), '1001' FROM vw_if_dprt
[2022-12-23 16:05:33] Data Parsing Start
[2022-12-23 16:05:34] Data Insert Stop - Total Count : 7
[2022-12-23 16:05:34] [ collect_query ] select login_id as user_ip, 'mac', login_id, e_mail, frst_inst, now() FROM vw_if_user
[2022-12-23 16:05:34] Data Parsing Start
[2022-12-23 16:05:34] Data Insert Stop - Total Count : 4
[2022-12-23 16:05:37] [ condition query ] detected_date > $$condition_value$$ [ condition value ] '2022-12-21 11:38:31.052000000'
[2022-12-23 16:08:54] 배치 Thread 실행
[2022-12-23 16:08:54] Collector Demon이 시작되었습니다...
[2022-12-23 16:08:54] [ collect_query ] select login_id, name, login_pawd, dprtid, user_disp, e_mail, now(), '1001', status FROM vw_if_user
[2022-12-23 16:08:54] Data Parsing Start
[2022-12-23 16:08:54] Data Insert Stop - Total Count : 4
[2022-12-23 16:08:54] [ collect_query ] SELECT dprtid, pid, name, 'level', sort , '1', now(), '1001' FROM vw_if_dprt
[2022-12-23 16:08:54] Data Parsing Start
[2022-12-23 16:08:54] Data Insert Stop - Total Count : 7
[2022-12-23 16:08:54] [ collect_query ] select login_id as user_ip, 'mac', login_id, e_mail, frst_inst, now() FROM vw_if_user
[2022-12-23 16:08:54] Data Parsing Start
[2022-12-23 16:08:54] Data Insert Stop - Total Count : 4
[2022-12-23 16:08:58] [ condition query ] detected_date > $$condition_value$$ [ condition value ] '2022-12-21 11:38:31.052000000'
[2022-12-23 16:09:01] [ collect_query ] SELECT id, agent_agent_key, agent_name, conn_ip, department_full_patch, detected_date, detected_method, hash, local_detected_date, malware_id, name, `path`, treat_type FROM view_malware_log WHERE detected_date > '2022-12-21 11:38:31.052000000' ORDER BY detected_date
[2022-12-23 16:09:01] Data Parsing Start
[2022-12-23 16:09:01] Data Insert Stop - Total Count : 3
[2022-12-23 16:09:01] [ condition query ] blocked_date > $$condition_value$$ [ condition value ] '2022-12-21 08:57:58.005000000'
[2022-12-23 16:09:01] [ collect_query ] SELECT id, agent_agent_key, agent_name, blocked_date, blocked_program_path, conn_ip, department_full_path, now(), target_file_path FROM view_ransomware_block_log WHERE blocked_date > '2022-12-21 08:57:58.005000000' ORDER BY blocked_date
[2022-12-23 16:09:01] Data Parsing Start
[2022-12-23 16:09:01] Data Insert Stop - Total Count : 3
[2022-12-23 16:09:04] [ condition query ] updateDate > $$condition_value$$ [ condition value ] '2022-12-22'
[2022-12-23 16:09:04] [ collect_query ] SELECT UserId, UserName, deptName, computerName, ip, indexScore, updateDate, Item1, Item2, Item3, Item4, Item5, Item6, Item7, Item8, Item9, Item10, Item11, Item12, Item13, Item14, Item15 FROM vwlghuserresult_4 WHERE updateDate > '2022-12-22' ORDER BY updateDate
[2022-12-23 16:09:04] [ vwlghuserresult_4 ] Log 수집 데이터 없음..... 파일생성 및 전송 미처리...
[2022-12-23 16:09:07] [ condition query ] DETECTDATE > $$condition_value$$ [ condition value ] '2022-12-21 11:02:26'
[2022-12-23 16:09:07] [ collect_query ] SELECT MEDIALOGID, REGDATE, DETECTDATE, ASSETID, ASSETCODE, WANIP, LANIP, ORGID, ORGNAME, EMPID, EMPNAME, ISINSIDECOMPANY, PCLOGINID, MEDIATYPE, LOGRESULT, FILENAME, FILESIZE, SORTTYPE, FULLORGNAME, NETBIOSNAME, ISIMAGEEXISTS FROM vw_media WHERE DETECTDATE > '2022-12-21 11:02:26' ORDER BY DETECTDATE
[2022-12-23 16:09:08] Data Parsing Start
[2022-12-23 16:09:08] Data Insert Stop - Total Count : 3
[2022-12-23 16:09:08] [ condition query ] FILECOPYDATE > $$condition_value$$ [ condition value ] '2022-12-21 12:44:05'
[2022-12-23 16:09:08] [ collect_query ] SELECT SNO, USEREMPID, ORGNAME, EMPNAME, FILENAME, FILESIZE, FILECOPYDATE, FILEPATH, NETBIOSNAME, LOCATION, ISBLOCK FROM vw_usbrwlog WHERE FILECOPYDATE > '2022-12-21 12:44:05' ORDER BY FILECOPYDATE
[2022-12-23 16:09:08] Data Parsing Start
[2022-12-23 16:09:08] Data Insert Stop - Total Count : 3
[2022-12-23 16:09:11] Log data collect end.
[2022-12-23 16:12:20] 배치 Thread 실행
[2022-12-23 16:12:20] Collector Demon이 시작되었습니다...
[2022-12-23 16:12:20] [ collect_query ] select login_id, name, login_pawd, dprtid, user_disp, e_mail, now(), '1001', status FROM vw_if_user
[2022-12-23 16:12:20] Data Parsing Start
[2022-12-23 16:12:20] Data Insert Stop - Total Count : 4
[2022-12-23 16:12:20] [ collect_query ] SELECT dprtid, pid, name, 'level', sort , '1', now(), '1001' FROM vw_if_dprt
[2022-12-23 16:12:20] Data Parsing Start
[2022-12-23 16:12:20] Data Insert Stop - Total Count : 7
[2022-12-23 16:12:20] [ collect_query ] select login_id as user_ip, 'mac', login_id, e_mail, frst_inst, now() FROM vw_if_user
[2022-12-23 16:12:20] Data Parsing Start
[2022-12-23 16:12:20] Data Insert Stop - Total Count : 4
[2022-12-23 16:12:24] [ condition query ] detected_date > $$condition_value$$ [ condition value ] '2022-12-22 11:38:31.052000000'
[2022-12-23 16:12:24] [ collect_query ] SELECT id, agent_agent_key, agent_name, conn_ip, department_full_patch, detected_date, detected_method, hash, local_detected_date, malware_id, name, `path`, treat_type FROM view_malware_log WHERE detected_date > '2022-12-22 11:38:31.052000000' ORDER BY detected_date
[2022-12-23 16:12:24] [ view_malware_log ] Log 수집 데이터 없음..... 파일생성 및 전송 미처리...
[2022-12-23 16:12:24] [ condition query ] blocked_date > $$condition_value$$ [ condition value ] '2022-12-22 08:57:58.005000000'
[2022-12-23 16:12:24] [ collect_query ] SELECT id, agent_agent_key, agent_name, blocked_date, blocked_program_path, conn_ip, department_full_path, now(), target_file_path FROM view_ransomware_block_log WHERE blocked_date > '2022-12-22 08:57:58.005000000' ORDER BY blocked_date
[2022-12-23 16:12:24] [ view_ransomware_block_log ] Log 수집 데이터 없음..... 파일생성 및 전송 미처리...
[2022-12-23 16:12:27] [ condition query ] updateDate > substr($$condition_value$$,10) [ condition value ] '2022-12-22'
[2022-12-23 16:12:27] [ collect_query ] SELECT UserId, UserName, deptName, computerName, ip, indexScore, updateDate, Item1, Item2, Item3, Item4, Item5, Item6, Item7, Item8, Item9, Item10, Item11, Item12, Item13, Item14, Item15 FROM vwlghuserresult_4 WHERE updateDate > substr('2022-12-22',10) ORDER BY updateDate
[2022-12-23 16:12:27] Data Parsing Start
[2022-12-23 16:12:27] CopyData Error : 오류: "userid" 칼럼은 "sdlp_media" 릴레이션(relation)에 없음
[2022-12-23 16:12:27] Data Insert Stop - Total Count : 3
[2022-12-23 16:12:30] [ condition query ] DETECTDATE > $$condition_value$$ [ condition value ] '2022-12-22 11:02:26'
[2022-12-23 16:12:30] [ collect_query ] SELECT MEDIALOGID, REGDATE, DETECTDATE, ASSETID, ASSETCODE, WANIP, LANIP, ORGID, ORGNAME, EMPID, EMPNAME, ISINSIDECOMPANY, PCLOGINID, MEDIATYPE, LOGRESULT, FILENAME, FILESIZE, SORTTYPE, FULLORGNAME, NETBIOSNAME, ISIMAGEEXISTS FROM vw_media WHERE DETECTDATE > '2022-12-22 11:02:26' ORDER BY DETECTDATE
[2022-12-23 16:12:30] [ vw_media ] Log 수집 데이터 없음..... 파일생성 및 전송 미처리...
[2022-12-23 16:12:30] [ condition query ] FILECOPYDATE > $$condition_value$$ [ condition value ] '2022-12-22 12:44:05'
[2022-12-23 16:12:30] [ collect_query ] SELECT SNO, USEREMPID, ORGNAME, EMPNAME, FILENAME, FILESIZE, FILECOPYDATE, FILEPATH, NETBIOSNAME, LOCATION, ISBLOCK FROM vw_usbrwlog WHERE FILECOPYDATE > '2022-12-22 12:44:05' ORDER BY FILECOPYDATE
[2022-12-23 16:12:30] [ vw_usbrwlog ] Log 수집 데이터 없음..... 파일생성 및 전송 미처리...
[2022-12-23 16:12:33] Log data collect end.
[2022-12-23 16:12:58] 배치 Thread 실행
[2022-12-23 16:12:58] Collector Demon이 시작되었습니다...
[2022-12-23 16:12:58] [ collect_query ] select login_id, name, login_pawd, dprtid, user_disp, e_mail, now(), '1001', status FROM vw_if_user
[2022-12-23 16:12:58] Data Parsing Start
[2022-12-23 16:12:58] Data Insert Stop - Total Count : 4
[2022-12-23 16:12:58] [ collect_query ] SELECT dprtid, pid, name, 'level', sort , '1', now(), '1001' FROM vw_if_dprt
[2022-12-23 16:12:58] Data Parsing Start
[2022-12-23 16:12:58] Data Insert Stop - Total Count : 7
[2022-12-23 16:12:58] [ collect_query ] select login_id as user_ip, 'mac', login_id, e_mail, frst_inst, now() FROM vw_if_user
[2022-12-23 16:12:58] Data Parsing Start
[2022-12-23 16:12:58] Data Insert Stop - Total Count : 4
[2022-12-23 16:13:01] [ condition query ] detected_date > $$condition_value$$ [ condition value ] '2022-12-22 11:38:31.052000000'
[2022-12-23 16:13:01] [ collect_query ] SELECT id, agent_agent_key, agent_name, conn_ip, department_full_patch, detected_date, detected_method, hash, local_detected_date, malware_id, name, `path`, treat_type FROM view_malware_log WHERE detected_date > '2022-12-22 11:38:31.052000000' ORDER BY detected_date
[2022-12-23 16:13:01] [ view_malware_log ] Log 수집 데이터 없음..... 파일생성 및 전송 미처리...
[2022-12-23 16:13:01] [ condition query ] blocked_date > $$condition_value$$ [ condition value ] '2022-12-22 08:57:58.005000000'
[2022-12-23 16:13:01] [ collect_query ] SELECT id, agent_agent_key, agent_name, blocked_date, blocked_program_path, conn_ip, department_full_path, now(), target_file_path FROM view_ransomware_block_log WHERE blocked_date > '2022-12-22 08:57:58.005000000' ORDER BY blocked_date
[2022-12-23 16:13:02] [ view_ransomware_block_log ] Log 수집 데이터 없음..... 파일생성 및 전송 미처리...
[2022-12-23 16:13:05] [ condition query ] updateDate > substr($$condition_value$$,10) [ condition value ] '2022-12-22'
[2022-12-23 16:13:05] [ collect_query ] SELECT UserId, UserName, deptName, computerName, ip, indexScore, updateDate, Item1, Item2, Item3, Item4, Item5, Item6, Item7, Item8, Item9, Item10, Item11, Item12, Item13, Item14, Item15 FROM vwlghuserresult_4 WHERE updateDate > substr('2022-12-22',10) ORDER BY updateDate
[2022-12-23 16:13:05] Data Parsing Start
[2022-12-23 16:13:05] CopyData Error : 오류: "gpcg_vwlghuserresult_4" 이름의 릴레이션(relation)이 없습니다
[2022-12-23 16:13:05] Data Insert Stop - Total Count : 3
[2022-12-23 16:13:08] [ condition query ] DETECTDATE > $$condition_value$$ [ condition value ] '2022-12-22 11:02:26'
[2022-12-23 16:13:08] [ collect_query ] SELECT MEDIALOGID, REGDATE, DETECTDATE, ASSETID, ASSETCODE, WANIP, LANIP, ORGID, ORGNAME, EMPID, EMPNAME, ISINSIDECOMPANY, PCLOGINID, MEDIATYPE, LOGRESULT, FILENAME, FILESIZE, SORTTYPE, FULLORGNAME, NETBIOSNAME, ISIMAGEEXISTS FROM vw_media WHERE DETECTDATE > '2022-12-22 11:02:26' ORDER BY DETECTDATE
[2022-12-23 16:13:08] [ vw_media ] Log 수집 데이터 없음..... 파일생성 및 전송 미처리...
[2022-12-23 16:13:08] [ condition query ] FILECOPYDATE > $$condition_value$$ [ condition value ] '2022-12-22 12:44:05'
[2022-12-23 16:13:08] [ collect_query ] SELECT SNO, USEREMPID, ORGNAME, EMPNAME, FILENAME, FILESIZE, FILECOPYDATE, FILEPATH, NETBIOSNAME, LOCATION, ISBLOCK FROM vw_usbrwlog WHERE FILECOPYDATE > '2022-12-22 12:44:05' ORDER BY FILECOPYDATE
[2022-12-23 16:13:08] [ vw_usbrwlog ] Log 수집 데이터 없음..... 파일생성 및 전송 미처리...
[2022-12-23 16:13:11] Log data collect end.
[2022-12-23 16:13:16] 배치 Thread 실행
[2022-12-23 16:13:16] Collector Demon이 시작되었습니다...
[2022-12-23 16:13:17] [ collect_query ] select login_id, name, login_pawd, dprtid, user_disp, e_mail, now(), '1001', status FROM vw_if_user
[2022-12-23 16:13:17] Data Parsing Start
[2022-12-23 16:13:17] Data Insert Stop - Total Count : 4
[2022-12-23 16:13:17] [ collect_query ] SELECT dprtid, pid, name, 'level', sort , '1', now(), '1001' FROM vw_if_dprt
[2022-12-23 16:13:17] Data Parsing Start
[2022-12-23 16:13:17] Data Insert Stop - Total Count : 7
[2022-12-23 16:13:17] [ collect_query ] select login_id as user_ip, 'mac', login_id, e_mail, frst_inst, now() FROM vw_if_user
[2022-12-23 16:13:17] Data Parsing Start
[2022-12-23 16:13:17] Data Insert Stop - Total Count : 4
[2022-12-23 16:13:20] [ condition query ] detected_date > $$condition_value$$ [ condition value ] '2022-12-22 11:38:31.052000000'
[2022-12-23 16:13:20] [ collect_query ] SELECT id, agent_agent_key, agent_name, conn_ip, department_full_patch, detected_date, detected_method, hash, local_detected_date, malware_id, name, `path`, treat_type FROM view_malware_log WHERE detected_date > '2022-12-22 11:38:31.052000000' ORDER BY detected_date
[2022-12-23 16:13:20] [ view_malware_log ] Log 수집 데이터 없음..... 파일생성 및 전송 미처리...
[2022-12-23 16:13:20] [ condition query ] blocked_date > $$condition_value$$ [ condition value ] '2022-12-22 08:57:58.005000000'
[2022-12-23 16:13:20] [ collect_query ] SELECT id, agent_agent_key, agent_name, blocked_date, blocked_program_path, conn_ip, department_full_path, now(), target_file_path FROM view_ransomware_block_log WHERE blocked_date > '2022-12-22 08:57:58.005000000' ORDER BY blocked_date
[2022-12-23 16:13:20] [ view_ransomware_block_log ] Log 수집 데이터 없음..... 파일생성 및 전송 미처리...
[2022-12-23 16:13:23] [ condition query ] updateDate > substr($$condition_value$$,10) [ condition value ] '2022-12-22'
[2022-12-23 16:13:23] [ collect_query ] SELECT UserId, UserName, deptName, computerName, ip, indexScore, updateDate, Item1, Item2, Item3, Item4, Item5, Item6, Item7, Item8, Item9, Item10, Item11, Item12, Item13, Item14, Item15 FROM vwlghuserresult_4 WHERE updateDate > substr('2022-12-22',10) ORDER BY updateDate
[2022-12-23 16:13:23] Data Parsing Start
[2022-12-23 16:13:23] Data Insert Stop - Total Count : 3
[2022-12-23 16:13:26] [ condition query ] DETECTDATE > $$condition_value$$ [ condition value ] '2022-12-22 11:02:26'
[2022-12-23 16:13:26] [ collect_query ] SELECT MEDIALOGID, REGDATE, DETECTDATE, ASSETID, ASSETCODE, WANIP, LANIP, ORGID, ORGNAME, EMPID, EMPNAME, ISINSIDECOMPANY, PCLOGINID, MEDIATYPE, LOGRESULT, FILENAME, FILESIZE, SORTTYPE, FULLORGNAME, NETBIOSNAME, ISIMAGEEXISTS FROM vw_media WHERE DETECTDATE > '2022-12-22 11:02:26' ORDER BY DETECTDATE
[2022-12-23 16:13:26] [ vw_media ] Log 수집 데이터 없음..... 파일생성 및 전송 미처리...
[2022-12-23 16:13:26] [ condition query ] FILECOPYDATE > $$condition_value$$ [ condition value ] '2022-12-22 12:44:05'
[2022-12-23 16:13:26] [ collect_query ] SELECT SNO, USEREMPID, ORGNAME, EMPNAME, FILENAME, FILESIZE, FILECOPYDATE, FILEPATH, NETBIOSNAME, LOCATION, ISBLOCK FROM vw_usbrwlog WHERE FILECOPYDATE > '2022-12-22 12:44:05' ORDER BY FILECOPYDATE
[2022-12-23 16:13:26] [ vw_usbrwlog ] Log 수집 데이터 없음..... 파일생성 및 전송 미처리...
[2022-12-23 16:13:29] Log data collect end.
